[INFO ] 2018-03-01 11:34:04.808 [main] View - main() running
[INFO ] 2018-03-01 11:34:05.032 [JavaFX Application Thread] View - start() running
[INFO ] 2018-03-01 11:34:05.033 [JavaFX Application Thread] Control - game initialized
[INFO ] 2018-03-01 11:34:05.035 [JavaFX Application Thread] Model - Model created
[INFO ] 2018-03-01 11:34:05.042 [JavaFX Application Thread] Control - passing numPlayers = 4 to model
[INFO ] 2018-03-01 11:34:05.042 [JavaFX Application Thread] Model - instantiatePlayers() called
[INFO ] 2018-03-01 11:34:05.043 [JavaFX Application Thread] Model - instantiateStages() called
[INFO ] 2018-03-01 11:34:05.044 [JavaFX Application Thread] Model - setScenarioTest() called
[INFO ] 2018-03-01 11:34:05.044 [JavaFX Application Thread] View - initUI() called
[INFO ] 2018-03-01 11:34:05.044 [JavaFX Application Thread] Control - getState() called
[INFO ] 2018-03-01 11:34:05.045 [JavaFX Application Thread] Model - getState() called
[INFO ] 2018-03-01 11:34:05.045 [JavaFX Application Thread] View - drawCards() called
[INFO ] 2018-03-01 11:34:05.045 [JavaFX Application Thread] Control - getState() called
[INFO ] 2018-03-01 11:34:05.045 [JavaFX Application Thread] Model - getState() called
[INFO ] 2018-03-01 11:34:05.045 [JavaFX Application Thread] View - addControlsToCanvas() called
[INFO ] 2018-03-01 11:34:05.053 [JavaFX Application Thread] View - addQueueToCanvas() called
[INFO ] 2018-03-01 11:34:05.053 [JavaFX Application Thread] Control - getActivePlayer() called
[INFO ] 2018-03-01 11:34:05.053 [JavaFX Application Thread] Model - getActivePlayer() called
[INFO ] 2018-03-01 11:34:05.099 [JavaFX Application Thread] View - setQueueCardControl() called
[INFO ] 2018-03-01 11:34:05.182 [JavaFX Application Thread] View - setQueueCardControl() called
[INFO ] 2018-03-01 11:34:05.210 [JavaFX Application Thread] View - setQueueCardControl() called
[INFO ] 2018-03-01 11:34:05.238 [JavaFX Application Thread] View - setQueueCardControl() called
[INFO ] 2018-03-01 11:34:05.239 [JavaFX Application Thread] View - addPlayerARankToCanvas() called
[INFO ] 2018-03-01 11:34:05.247 [JavaFX Application Thread] View - setRankControl() called
[INFO ] 2018-03-01 11:34:05.248 [JavaFX Application Thread] View - addPlayerBRankToCanvas() called
[INFO ] 2018-03-01 11:34:05.255 [JavaFX Application Thread] View - setRankControl() called
[INFO ] 2018-03-01 11:34:05.255 [JavaFX Application Thread] View - addShieldsAToCanvas() called
[INFO ] 2018-03-01 11:34:05.256 [JavaFX Application Thread] View - addPlayerAPartyToCanvas() called
[INFO ] 2018-03-01 11:34:05.282 [JavaFX Application Thread] View - setMorgaineCardControl() called
[INFO ] 2018-03-01 11:34:05.310 [JavaFX Application Thread] View - setMorgaineCardControl() called
[INFO ] 2018-03-01 11:34:05.311 [JavaFX Application Thread] View - addPlayerBPartyToCanvas() called
[INFO ] 2018-03-01 11:34:05.338 [JavaFX Application Thread] View - setMorgaineCardControl() called
[INFO ] 2018-03-01 11:34:05.364 [JavaFX Application Thread] View - setMorgaineCardControl() called
[INFO ] 2018-03-01 11:34:05.393 [JavaFX Application Thread] View - setMorgaineCardControl() called
[INFO ] 2018-03-01 11:34:05.393 [JavaFX Application Thread] View - addShieldsBToCanvas() called
[INFO ] 2018-03-01 11:34:05.394 [JavaFX Application Thread] View - addStoryCardToCanvas() called
[INFO ] 2018-03-01 11:34:05.418 [JavaFX Application Thread] View - addHandToCanvas() called
[INFO ] 2018-03-01 11:34:05.447 [JavaFX Application Thread] View - setHandCardControl() called
[INFO ] 2018-03-01 11:34:05.450 [JavaFX Application Thread] Control - getState() called
[INFO ] 2018-03-01 11:34:05.450 [JavaFX Application Thread] Model - getState() called
[INFO ] 2018-03-01 11:34:05.451 [JavaFX Application Thread] Control - getSubType() called
[INFO ] 2018-03-01 11:34:05.451 [JavaFX Application Thread] Model - getSubType() called
[INFO ] 2018-03-01 11:34:05.451 [JavaFX Application Thread] Model - getActivePlayer() called
[INFO ] 2018-03-01 11:34:05.491 [JavaFX Application Thread] View - setHandCardControl() called
[INFO ] 2018-03-01 11:34:05.492 [JavaFX Application Thread] Control - getState() called
[INFO ] 2018-03-01 11:34:05.492 [JavaFX Application Thread] Model - getState() called
[INFO ] 2018-03-01 11:34:05.492 [JavaFX Application Thread] Control - getSubType() called
[INFO ] 2018-03-01 11:34:05.492 [JavaFX Application Thread] Model - getSubType() called
[INFO ] 2018-03-01 11:34:05.492 [JavaFX Application Thread] Model - getActivePlayer() called
[INFO ] 2018-03-01 11:34:05.519 [JavaFX Application Thread] View - setHandCardControl() called
[INFO ] 2018-03-01 11:34:05.520 [JavaFX Application Thread] Control - getState() called
[INFO ] 2018-03-01 11:34:05.520 [JavaFX Application Thread] Model - getState() called
[INFO ] 2018-03-01 11:34:05.520 [JavaFX Application Thread] Control - getSubType() called
[INFO ] 2018-03-01 11:34:05.520 [JavaFX Application Thread] Model - getSubType() called
[INFO ] 2018-03-01 11:34:05.521 [JavaFX Application Thread] Model - getActivePlayer() called
[INFO ] 2018-03-01 11:34:05.551 [JavaFX Application Thread] View - setHandCardControl() called
[INFO ] 2018-03-01 11:34:05.552 [JavaFX Application Thread] Control - getState() called
[INFO ] 2018-03-01 11:34:05.552 [JavaFX Application Thread] Model - getState() called
[INFO ] 2018-03-01 11:34:05.552 [JavaFX Application Thread] Control - getSubType() called
[INFO ] 2018-03-01 11:34:05.552 [JavaFX Application Thread] Model - getSubType() called
[INFO ] 2018-03-01 11:34:05.552 [JavaFX Application Thread] Model - getActivePlayer() called
[INFO ] 2018-03-01 11:34:05.580 [JavaFX Application Thread] View - setHandCardControl() called
[INFO ] 2018-03-01 11:34:05.581 [JavaFX Application Thread] Control - getState() called
[INFO ] 2018-03-01 11:34:05.582 [JavaFX Application Thread] Model - getState() called
[INFO ] 2018-03-01 11:34:05.582 [JavaFX Application Thread] Control - getSubType() called
[INFO ] 2018-03-01 11:34:05.582 [JavaFX Application Thread] Model - getSubType() called
[INFO ] 2018-03-01 11:34:05.582 [JavaFX Application Thread] Model - getActivePlayer() called
[INFO ] 2018-03-01 11:34:05.610 [JavaFX Application Thread] View - setHandCardControl() called
[INFO ] 2018-03-01 11:34:05.611 [JavaFX Application Thread] Control - getState() called
[INFO ] 2018-03-01 11:34:05.611 [JavaFX Application Thread] Model - getState() called
[INFO ] 2018-03-01 11:34:05.611 [JavaFX Application Thread] Control - getSubType() called
[INFO ] 2018-03-01 11:34:05.611 [JavaFX Application Thread] Model - getSubType() called
[INFO ] 2018-03-01 11:34:05.611 [JavaFX Application Thread] Model - getActivePlayer() called
[INFO ] 2018-03-01 11:34:05.639 [JavaFX Application Thread] View - setHandCardControl() called
[INFO ] 2018-03-01 11:34:05.640 [JavaFX Application Thread] Control - getState() called
[INFO ] 2018-03-01 11:34:05.640 [JavaFX Application Thread] Model - getState() called
[INFO ] 2018-03-01 11:34:05.640 [JavaFX Application Thread] Control - getSubType() called
[INFO ] 2018-03-01 11:34:05.640 [JavaFX Application Thread] Model - getSubType() called
[INFO ] 2018-03-01 11:34:05.640 [JavaFX Application Thread] Model - getActivePlayer() called
[INFO ] 2018-03-01 11:34:05.665 [JavaFX Application Thread] View - setHandCardControl() called
[INFO ] 2018-03-01 11:34:05.666 [JavaFX Application Thread] Control - getState() called
[INFO ] 2018-03-01 11:34:05.666 [JavaFX Application Thread] Model - getState() called
[INFO ] 2018-03-01 11:34:05.666 [JavaFX Application Thread] Control - getSubType() called
[INFO ] 2018-03-01 11:34:05.666 [JavaFX Application Thread] Model - getSubType() called
[INFO ] 2018-03-01 11:34:05.666 [JavaFX Application Thread] Model - getActivePlayer() called
[INFO ] 2018-03-01 11:34:05.693 [JavaFX Application Thread] View - setHandCardControl() called
[INFO ] 2018-03-01 11:34:05.694 [JavaFX Application Thread] Control - getState() called
[INFO ] 2018-03-01 11:34:05.695 [JavaFX Application Thread] Model - getState() called
[INFO ] 2018-03-01 11:34:05.695 [JavaFX Application Thread] Control - getSubType() called
[INFO ] 2018-03-01 11:34:05.695 [JavaFX Application Thread] Model - getSubType() called
[INFO ] 2018-03-01 11:34:05.695 [JavaFX Application Thread] Model - getActivePlayer() called
[INFO ] 2018-03-01 11:34:05.722 [JavaFX Application Thread] View - setHandCardControl() called
[INFO ] 2018-03-01 11:34:05.723 [JavaFX Application Thread] Control - getState() called
[INFO ] 2018-03-01 11:34:05.723 [JavaFX Application Thread] Model - getState() called
[INFO ] 2018-03-01 11:34:05.723 [JavaFX Application Thread] Control - getSubType() called
[INFO ] 2018-03-01 11:34:05.723 [JavaFX Application Thread] Model - getSubType() called
[INFO ] 2018-03-01 11:34:05.723 [JavaFX Application Thread] Model - getActivePlayer() called
[INFO ] 2018-03-01 11:34:05.750 [JavaFX Application Thread] View - setHandCardControl() called
[INFO ] 2018-03-01 11:34:05.751 [JavaFX Application Thread] Control - getState() called
[INFO ] 2018-03-01 11:34:05.751 [JavaFX Application Thread] Model - getState() called
[INFO ] 2018-03-01 11:34:05.751 [JavaFX Application Thread] Control - getSubType() called
[INFO ] 2018-03-01 11:34:05.751 [JavaFX Application Thread] Model - getSubType() called
[INFO ] 2018-03-01 11:34:05.751 [JavaFX Application Thread] Model - getActivePlayer() called
[INFO ] 2018-03-01 11:34:05.787 [JavaFX Application Thread] View - setHandCardControl() called
[INFO ] 2018-03-01 11:34:05.788 [JavaFX Application Thread] Control - getState() called
[INFO ] 2018-03-01 11:34:05.788 [JavaFX Application Thread] Model - getState() called
[INFO ] 2018-03-01 11:34:05.788 [JavaFX Application Thread] Control - getSubType() called
[INFO ] 2018-03-01 11:34:05.788 [JavaFX Application Thread] Model - getSubType() called
[INFO ] 2018-03-01 11:34:05.788 [JavaFX Application Thread] Model - getActivePlayer() called
[INFO ] 2018-03-01 11:34:05.788 [JavaFX Application Thread] View - addStageToCanvas() called
[INFO ] 2018-03-01 11:34:05.789 [JavaFX Application Thread] Control - getState() called
[INFO ] 2018-03-01 11:34:05.789 [JavaFX Application Thread] Model - getState() called
[INFO ] 2018-03-01 11:34:05.789 [JavaFX Application Thread] View - addStage() called
[INFO ] 2018-03-01 11:34:21.971 [JavaFX Application Thread] View - update() called
[INFO ] 2018-03-01 11:34:21.971 [JavaFX Application Thread] Control - setNumPlayers() called
[INFO ] 2018-03-01 11:34:21.971 [JavaFX Application Thread] View - update(Stage) called
[INFO ] 2018-03-01 11:34:21.971 [JavaFX Application Thread] Control - getState() called
[INFO ] 2018-03-01 11:34:21.971 [JavaFX Application Thread] Model - getState() called
[INFO ] 2018-03-01 11:34:21.971 [JavaFX Application Thread] View - drawCards() called
[INFO ] 2018-03-01 11:34:21.972 [JavaFX Application Thread] Control - getState() called
[INFO ] 2018-03-01 11:34:21.972 [JavaFX Application Thread] Model - getState() called
[INFO ] 2018-03-01 11:34:21.972 [JavaFX Application Thread] View - addControlsToCanvas() called
[INFO ] 2018-03-01 11:34:21.972 [JavaFX Application Thread] View - addQueueToCanvas() called
[INFO ] 2018-03-01 11:34:21.972 [JavaFX Application Thread] Control - getActivePlayer() called
[INFO ] 2018-03-01 11:34:21.973 [JavaFX Application Thread] Model - getActivePlayer() called
[INFO ] 2018-03-01 11:34:22.001 [JavaFX Application Thread] View - setQueueCardControl() called
[INFO ] 2018-03-01 11:34:22.028 [JavaFX Application Thread] View - setQueueCardControl() called
[INFO ] 2018-03-01 11:34:22.055 [JavaFX Application Thread] View - setQueueCardControl() called
[INFO ] 2018-03-01 11:34:22.082 [JavaFX Application Thread] View - setQueueCardControl() called
[INFO ] 2018-03-01 11:34:22.083 [JavaFX Application Thread] View - addPlayerARankToCanvas() called
[INFO ] 2018-03-01 11:34:22.091 [JavaFX Application Thread] View - setRankControl() called
[INFO ] 2018-03-01 11:34:22.091 [JavaFX Application Thread] View - addPlayerBRankToCanvas() called
[INFO ] 2018-03-01 11:34:22.099 [JavaFX Application Thread] View - setRankControl() called
[INFO ] 2018-03-01 11:34:22.099 [JavaFX Application Thread] View - addShieldsAToCanvas() called
[INFO ] 2018-03-01 11:34:22.100 [JavaFX Application Thread] View - addPlayerAPartyToCanvas() called
[INFO ] 2018-03-01 11:34:22.138 [JavaFX Application Thread] View - setMorgaineCardControl() called
[INFO ] 2018-03-01 11:34:22.164 [JavaFX Application Thread] View - setMorgaineCardControl() called
[INFO ] 2018-03-01 11:34:22.165 [JavaFX Application Thread] View - addPlayerBPartyToCanvas() called
[INFO ] 2018-03-01 11:34:22.189 [JavaFX Application Thread] View - setMorgaineCardControl() called
[INFO ] 2018-03-01 11:34:22.216 [JavaFX Application Thread] View - setMorgaineCardControl() called
[INFO ] 2018-03-01 11:34:22.244 [JavaFX Application Thread] View - setMorgaineCardControl() called
[INFO ] 2018-03-01 11:34:22.245 [JavaFX Application Thread] View - addShieldsBToCanvas() called
[INFO ] 2018-03-01 11:34:22.245 [JavaFX Application Thread] View - addStoryCardToCanvas() called
[INFO ] 2018-03-01 11:34:22.269 [JavaFX Application Thread] View - addHandToCanvas() called
[INFO ] 2018-03-01 11:34:22.297 [JavaFX Application Thread] View - setHandCardControl() called
[INFO ] 2018-03-01 11:34:22.297 [JavaFX Application Thread] Control - getState() called
[INFO ] 2018-03-01 11:34:22.297 [JavaFX Application Thread] Model - getState() called
[INFO ] 2018-03-01 11:34:22.298 [JavaFX Application Thread] Control - getSubType() called
[INFO ] 2018-03-01 11:34:22.298 [JavaFX Application Thread] Model - getSubType() called
[INFO ] 2018-03-01 11:34:22.298 [JavaFX Application Thread] Model - getActivePlayer() called
[INFO ] 2018-03-01 11:34:22.325 [JavaFX Application Thread] View - setHandCardControl() called
[INFO ] 2018-03-01 11:34:22.326 [JavaFX Application Thread] Control - getState() called
[INFO ] 2018-03-01 11:34:22.326 [JavaFX Application Thread] Model - getState() called
[INFO ] 2018-03-01 11:34:22.326 [JavaFX Application Thread] Control - getSubType() called
[INFO ] 2018-03-01 11:34:22.326 [JavaFX Application Thread] Model - getSubType() called
[INFO ] 2018-03-01 11:34:22.326 [JavaFX Application Thread] Model - getActivePlayer() called
[INFO ] 2018-03-01 11:34:22.353 [JavaFX Application Thread] View - setHandCardControl() called
[INFO ] 2018-03-01 11:34:22.354 [JavaFX Application Thread] Control - getState() called
[INFO ] 2018-03-01 11:34:22.354 [JavaFX Application Thread] Model - getState() called
[INFO ] 2018-03-01 11:34:22.354 [JavaFX Application Thread] Control - getSubType() called
[INFO ] 2018-03-01 11:34:22.354 [JavaFX Application Thread] Model - getSubType() called
[INFO ] 2018-03-01 11:34:22.354 [JavaFX Application Thread] Model - getActivePlayer() called
[INFO ] 2018-03-01 11:34:22.383 [JavaFX Application Thread] View - setHandCardControl() called
[INFO ] 2018-03-01 11:34:22.384 [JavaFX Application Thread] Control - getState() called
[INFO ] 2018-03-01 11:34:22.384 [JavaFX Application Thread] Model - getState() called
[INFO ] 2018-03-01 11:34:22.384 [JavaFX Application Thread] Control - getSubType() called
[INFO ] 2018-03-01 11:34:22.384 [JavaFX Application Thread] Model - getSubType() called
[INFO ] 2018-03-01 11:34:22.384 [JavaFX Application Thread] Model - getActivePlayer() called
[INFO ] 2018-03-01 11:34:22.412 [JavaFX Application Thread] View - setHandCardControl() called
[INFO ] 2018-03-01 11:34:22.412 [JavaFX Application Thread] Control - getState() called
[INFO ] 2018-03-01 11:34:22.412 [JavaFX Application Thread] Model - getState() called
[INFO ] 2018-03-01 11:34:22.414 [JavaFX Application Thread] Control - getSubType() called
[INFO ] 2018-03-01 11:34:22.414 [JavaFX Application Thread] Model - getSubType() called
[INFO ] 2018-03-01 11:34:22.414 [JavaFX Application Thread] Model - getActivePlayer() called
[INFO ] 2018-03-01 11:34:22.439 [JavaFX Application Thread] View - setHandCardControl() called
[INFO ] 2018-03-01 11:34:22.440 [JavaFX Application Thread] Control - getState() called
[INFO ] 2018-03-01 11:34:22.440 [JavaFX Application Thread] Model - getState() called
[INFO ] 2018-03-01 11:34:22.440 [JavaFX Application Thread] Control - getSubType() called
[INFO ] 2018-03-01 11:34:22.440 [JavaFX Application Thread] Model - getSubType() called
[INFO ] 2018-03-01 11:34:22.440 [JavaFX Application Thread] Model - getActivePlayer() called
[INFO ] 2018-03-01 11:34:22.467 [JavaFX Application Thread] View - setHandCardControl() called
[INFO ] 2018-03-01 11:34:22.468 [JavaFX Application Thread] Control - getState() called
[INFO ] 2018-03-01 11:34:22.468 [JavaFX Application Thread] Model - getState() called
[INFO ] 2018-03-01 11:34:22.468 [JavaFX Application Thread] Control - getSubType() called
[INFO ] 2018-03-01 11:34:22.468 [JavaFX Application Thread] Model - getSubType() called
[INFO ] 2018-03-01 11:34:22.468 [JavaFX Application Thread] Model - getActivePlayer() called
[INFO ] 2018-03-01 11:34:22.495 [JavaFX Application Thread] View - setHandCardControl() called
[INFO ] 2018-03-01 11:34:22.496 [JavaFX Application Thread] Control - getState() called
[INFO ] 2018-03-01 11:34:22.496 [JavaFX Application Thread] Model - getState() called
[INFO ] 2018-03-01 11:34:22.496 [JavaFX Application Thread] Control - getSubType() called
[INFO ] 2018-03-01 11:34:22.497 [JavaFX Application Thread] Model - getSubType() called
[INFO ] 2018-03-01 11:34:22.497 [JavaFX Application Thread] Model - getActivePlayer() called
[INFO ] 2018-03-01 11:34:22.524 [JavaFX Application Thread] View - setHandCardControl() called
[INFO ] 2018-03-01 11:34:22.525 [JavaFX Application Thread] Control - getState() called
[INFO ] 2018-03-01 11:34:22.525 [JavaFX Application Thread] Model - getState() called
[INFO ] 2018-03-01 11:34:22.525 [JavaFX Application Thread] Control - getSubType() called
[INFO ] 2018-03-01 11:34:22.525 [JavaFX Application Thread] Model - getSubType() called
[INFO ] 2018-03-01 11:34:22.525 [JavaFX Application Thread] Model - getActivePlayer() called
[INFO ] 2018-03-01 11:34:22.554 [JavaFX Application Thread] View - setHandCardControl() called
[INFO ] 2018-03-01 11:34:22.555 [JavaFX Application Thread] Control - getState() called
[INFO ] 2018-03-01 11:34:22.555 [JavaFX Application Thread] Model - getState() called
[INFO ] 2018-03-01 11:34:22.555 [JavaFX Application Thread] Control - getSubType() called
[INFO ] 2018-03-01 11:34:22.555 [JavaFX Application Thread] Model - getSubType() called
[INFO ] 2018-03-01 11:34:22.555 [JavaFX Application Thread] Model - getActivePlayer() called
[INFO ] 2018-03-01 11:34:22.582 [JavaFX Application Thread] View - setHandCardControl() called
[INFO ] 2018-03-01 11:34:22.583 [JavaFX Application Thread] Control - getState() called
[INFO ] 2018-03-01 11:34:22.583 [JavaFX Application Thread] Model - getState() called
[INFO ] 2018-03-01 11:34:22.583 [JavaFX Application Thread] Control - getSubType() called
[INFO ] 2018-03-01 11:34:22.584 [JavaFX Application Thread] Model - getSubType() called
[INFO ] 2018-03-01 11:34:22.584 [JavaFX Application Thread] Model - getActivePlayer() called
[INFO ] 2018-03-01 11:34:22.612 [JavaFX Application Thread] View - setHandCardControl() called
[INFO ] 2018-03-01 11:34:22.613 [JavaFX Application Thread] Control - getState() called
[INFO ] 2018-03-01 11:34:22.613 [JavaFX Application Thread] Model - getState() called
[INFO ] 2018-03-01 11:34:22.613 [JavaFX Application Thread] Control - getSubType() called
[INFO ] 2018-03-01 11:34:22.613 [JavaFX Application Thread] Model - getSubType() called
[INFO ] 2018-03-01 11:34:22.613 [JavaFX Application Thread] Model - getActivePlayer() called
[INFO ] 2018-03-01 11:34:22.613 [JavaFX Application Thread] View - addStageToCanvas() called
[INFO ] 2018-03-01 11:34:22.614 [JavaFX Application Thread] Control - getState() called
[INFO ] 2018-03-01 11:34:22.614 [JavaFX Application Thread] Model - getState() called
[INFO ] 2018-03-01 11:34:22.614 [JavaFX Application Thread] View - addStage() called
[INFO ] 2018-03-01 11:34:22.614 [JavaFX Application Thread] View - addStage() called
[INFO ] 2018-03-01 11:34:22.752 [JavaFX Application Thread] Control - mainLoop() running
[INFO ] 2018-03-01 11:34:22.752 [JavaFX Application Thread] Model - playGame() called
[INFO ] 2018-03-01 11:34:22.753 [JavaFX Application Thread] Model - playQuest() called
[INFO ] 2018-03-01 11:34:22.753 [JavaFX Application Thread] Control - getSponsorDecision() called
[INFO ] 2018-03-01 11:34:22.753 [JavaFX Application Thread] View - popup() called
[INFO ] 2018-03-01 11:34:23.945 [JavaFX Application Thread] Control - updateViewState() called
[INFO ] 2018-03-01 11:34:23.945 [JavaFX Application Thread] View - updateState() called
[INFO ] 2018-03-01 11:34:23.945 [JavaFX Application Thread] Control - getState() called
[INFO ] 2018-03-01 11:34:23.945 [JavaFX Application Thread] Model - getState() called
[INFO ] 2018-03-01 11:34:23.945 [JavaFX Application Thread] View - update(Stage) called
[INFO ] 2018-03-01 11:34:23.945 [JavaFX Application Thread] Control - getState() called
[INFO ] 2018-03-01 11:34:23.946 [JavaFX Application Thread] Model - getState() called
[INFO ] 2018-03-01 11:34:23.946 [JavaFX Application Thread] View - drawCards() called
[INFO ] 2018-03-01 11:34:23.946 [JavaFX Application Thread] Control - getState() called
[INFO ] 2018-03-01 11:34:23.946 [JavaFX Application Thread] Model - getState() called
[INFO ] 2018-03-01 11:34:23.946 [JavaFX Application Thread] View - addControlsToCanvas() called
[INFO ] 2018-03-01 11:34:23.947 [JavaFX Application Thread] View - addQueueToCanvas() called
[INFO ] 2018-03-01 11:34:23.947 [JavaFX Application Thread] Control - getActivePlayer() called
[INFO ] 2018-03-01 11:34:23.947 [JavaFX Application Thread] Model - getActivePlayer() called
[INFO ] 2018-03-01 11:34:23.973 [JavaFX Application Thread] View - setQueueCardControl() called
[INFO ] 2018-03-01 11:34:24.000 [JavaFX Application Thread] View - setQueueCardControl() called
[INFO ] 2018-03-01 11:34:24.025 [JavaFX Application Thread] View - setQueueCardControl() called
[INFO ] 2018-03-01 11:34:24.054 [JavaFX Application Thread] View - setQueueCardControl() called
[INFO ] 2018-03-01 11:34:24.054 [JavaFX Application Thread] View - addPlayerARankToCanvas() called
[INFO ] 2018-03-01 11:34:24.063 [JavaFX Application Thread] View - setRankControl() called
[INFO ] 2018-03-01 11:34:24.063 [JavaFX Application Thread] View - addPlayerBRankToCanvas() called
[INFO ] 2018-03-01 11:34:24.072 [JavaFX Application Thread] View - setRankControl() called
[INFO ] 2018-03-01 11:34:24.072 [JavaFX Application Thread] View - addShieldsAToCanvas() called
[INFO ] 2018-03-01 11:34:24.072 [JavaFX Application Thread] View - addPlayerAPartyToCanvas() called
[INFO ] 2018-03-01 11:34:24.105 [JavaFX Application Thread] View - setMorgaineCardControl() called
[INFO ] 2018-03-01 11:34:24.135 [JavaFX Application Thread] View - setMorgaineCardControl() called
[INFO ] 2018-03-01 11:34:24.136 [JavaFX Application Thread] View - addPlayerBPartyToCanvas() called
[INFO ] 2018-03-01 11:34:24.165 [JavaFX Application Thread] View - setMorgaineCardControl() called
[INFO ] 2018-03-01 11:34:24.194 [JavaFX Application Thread] View - setMorgaineCardControl() called
[INFO ] 2018-03-01 11:34:24.235 [JavaFX Application Thread] View - setMorgaineCardControl() called
[INFO ] 2018-03-01 11:34:24.236 [JavaFX Application Thread] View - addShieldsBToCanvas() called
[INFO ] 2018-03-01 11:34:24.236 [JavaFX Application Thread] View - addStoryCardToCanvas() called
[INFO ] 2018-03-01 11:34:24.263 [JavaFX Application Thread] View - addHandToCanvas() called
[INFO ] 2018-03-01 11:34:24.289 [JavaFX Application Thread] View - setHandCardControl() called
[INFO ] 2018-03-01 11:34:24.289 [JavaFX Application Thread] Control - getState() called
[INFO ] 2018-03-01 11:34:24.290 [JavaFX Application Thread] Model - getState() called
[INFO ] 2018-03-01 11:34:24.290 [JavaFX Application Thread] Control - getSubType() called
[INFO ] 2018-03-01 11:34:24.290 [JavaFX Application Thread] Model - getSubType() called
[INFO ] 2018-03-01 11:34:24.290 [JavaFX Application Thread] Model - getActivePlayer() called
[INFO ] 2018-03-01 11:34:24.319 [JavaFX Application Thread] View - setHandCardControl() called
[INFO ] 2018-03-01 11:34:24.320 [JavaFX Application Thread] Control - getState() called
[INFO ] 2018-03-01 11:34:24.320 [JavaFX Application Thread] Model - getState() called
[INFO ] 2018-03-01 11:34:24.320 [JavaFX Application Thread] Control - getSubType() called
[INFO ] 2018-03-01 11:34:24.320 [JavaFX Application Thread] Model - getSubType() called
[INFO ] 2018-03-01 11:34:24.320 [JavaFX Application Thread] Model - getActivePlayer() called
[INFO ] 2018-03-01 11:34:24.346 [JavaFX Application Thread] View - setHandCardControl() called
[INFO ] 2018-03-01 11:34:24.347 [JavaFX Application Thread] Control - getState() called
[INFO ] 2018-03-01 11:34:24.347 [JavaFX Application Thread] Model - getState() called
[INFO ] 2018-03-01 11:34:24.347 [JavaFX Application Thread] Control - getSubType() called
[INFO ] 2018-03-01 11:34:24.347 [JavaFX Application Thread] Model - getSubType() called
[INFO ] 2018-03-01 11:34:24.347 [JavaFX Application Thread] Model - getActivePlayer() called
[INFO ] 2018-03-01 11:34:24.381 [JavaFX Application Thread] View - setHandCardControl() called
[INFO ] 2018-03-01 11:34:24.382 [JavaFX Application Thread] Control - getState() called
[INFO ] 2018-03-01 11:34:24.382 [JavaFX Application Thread] Model - getState() called
[INFO ] 2018-03-01 11:34:24.382 [JavaFX Application Thread] Control - getSubType() called
[INFO ] 2018-03-01 11:34:24.382 [JavaFX Application Thread] Model - getSubType() called
[INFO ] 2018-03-01 11:34:24.382 [JavaFX Application Thread] Model - getActivePlayer() called
[INFO ] 2018-03-01 11:34:24.414 [JavaFX Application Thread] View - setHandCardControl() called
[INFO ] 2018-03-01 11:34:24.415 [JavaFX Application Thread] Control - getState() called
[INFO ] 2018-03-01 11:34:24.415 [JavaFX Application Thread] Model - getState() called
[INFO ] 2018-03-01 11:34:24.415 [JavaFX Application Thread] Control - getSubType() called
[INFO ] 2018-03-01 11:34:24.416 [JavaFX Application Thread] Model - getSubType() called
[INFO ] 2018-03-01 11:34:24.416 [JavaFX Application Thread] Model - getActivePlayer() called
[INFO ] 2018-03-01 11:34:24.445 [JavaFX Application Thread] View - setHandCardControl() called
[INFO ] 2018-03-01 11:34:24.447 [JavaFX Application Thread] Control - getState() called
[INFO ] 2018-03-01 11:34:24.447 [JavaFX Application Thread] Model - getState() called
[INFO ] 2018-03-01 11:34:24.448 [JavaFX Application Thread] Control - getSubType() called
[INFO ] 2018-03-01 11:34:24.448 [JavaFX Application Thread] Model - getSubType() called
[INFO ] 2018-03-01 11:34:24.448 [JavaFX Application Thread] Model - getActivePlayer() called
[INFO ] 2018-03-01 11:34:24.480 [JavaFX Application Thread] View - setHandCardControl() called
[INFO ] 2018-03-01 11:34:24.481 [JavaFX Application Thread] Control - getState() called
[INFO ] 2018-03-01 11:34:24.481 [JavaFX Application Thread] Model - getState() called
[INFO ] 2018-03-01 11:34:24.481 [JavaFX Application Thread] Control - getSubType() called
[INFO ] 2018-03-01 11:34:24.481 [JavaFX Application Thread] Model - getSubType() called
[INFO ] 2018-03-01 11:34:24.481 [JavaFX Application Thread] Model - getActivePlayer() called
[INFO ] 2018-03-01 11:34:24.510 [JavaFX Application Thread] View - setHandCardControl() called
[INFO ] 2018-03-01 11:34:24.511 [JavaFX Application Thread] Control - getState() called
[INFO ] 2018-03-01 11:34:24.511 [JavaFX Application Thread] Model - getState() called
[INFO ] 2018-03-01 11:34:24.511 [JavaFX Application Thread] Control - getSubType() called
[INFO ] 2018-03-01 11:34:24.511 [JavaFX Application Thread] Model - getSubType() called
[INFO ] 2018-03-01 11:34:24.511 [JavaFX Application Thread] Model - getActivePlayer() called
[INFO ] 2018-03-01 11:34:24.542 [JavaFX Application Thread] View - setHandCardControl() called
[INFO ] 2018-03-01 11:34:24.543 [JavaFX Application Thread] Control - getState() called
[INFO ] 2018-03-01 11:34:24.543 [JavaFX Application Thread] Model - getState() called
[INFO ] 2018-03-01 11:34:24.543 [JavaFX Application Thread] Control - getSubType() called
[INFO ] 2018-03-01 11:34:24.543 [JavaFX Application Thread] Model - getSubType() called
[INFO ] 2018-03-01 11:34:24.543 [JavaFX Application Thread] Model - getActivePlayer() called
[INFO ] 2018-03-01 11:34:24.584 [JavaFX Application Thread] View - setHandCardControl() called
[INFO ] 2018-03-01 11:34:24.584 [JavaFX Application Thread] Control - getState() called
[INFO ] 2018-03-01 11:34:24.585 [JavaFX Application Thread] Model - getState() called
[INFO ] 2018-03-01 11:34:24.585 [JavaFX Application Thread] Control - getSubType() called
[INFO ] 2018-03-01 11:34:24.585 [JavaFX Application Thread] Model - getSubType() called
[INFO ] 2018-03-01 11:34:24.585 [JavaFX Application Thread] Model - getActivePlayer() called
[INFO ] 2018-03-01 11:34:24.611 [JavaFX Application Thread] View - setHandCardControl() called
[INFO ] 2018-03-01 11:34:24.612 [JavaFX Application Thread] Control - getState() called
[INFO ] 2018-03-01 11:34:24.612 [JavaFX Application Thread] Model - getState() called
[INFO ] 2018-03-01 11:34:24.612 [JavaFX Application Thread] Control - getSubType() called
[INFO ] 2018-03-01 11:34:24.612 [JavaFX Application Thread] Model - getSubType() called
[INFO ] 2018-03-01 11:34:24.612 [JavaFX Application Thread] Model - getActivePlayer() called
[INFO ] 2018-03-01 11:34:24.640 [JavaFX Application Thread] View - setHandCardControl() called
[INFO ] 2018-03-01 11:34:24.641 [JavaFX Application Thread] Control - getState() called
[INFO ] 2018-03-01 11:34:24.641 [JavaFX Application Thread] Model - getState() called
[INFO ] 2018-03-01 11:34:24.641 [JavaFX Application Thread] Control - getSubType() called
[INFO ] 2018-03-01 11:34:24.641 [JavaFX Application Thread] Model - getSubType() called
[INFO ] 2018-03-01 11:34:24.641 [JavaFX Application Thread] Model - getActivePlayer() called
[INFO ] 2018-03-01 11:34:24.642 [JavaFX Application Thread] View - addStageToCanvas() called
[INFO ] 2018-03-01 11:34:24.642 [JavaFX Application Thread] Control - getState() called
[INFO ] 2018-03-01 11:34:24.642 [JavaFX Application Thread] Model - getState() called
[INFO ] 2018-03-01 11:34:24.678 [JavaFX Application Thread] View - setStageCardControl() called
[INFO ] 2018-03-01 11:34:24.681 [JavaFX Application Thread] View - addStage() called
[INFO ] 2018-03-01 11:34:24.681 [JavaFX Application Thread] View - addStage() called
[INFO ] 2018-03-01 11:34:24.692 [JavaFX Application Thread] Model - checkHandSize() called
[INFO ] 2018-03-01 11:34:31.284 [JavaFX Application Thread] Control - getState() called
[INFO ] 2018-03-01 11:34:31.284 [JavaFX Application Thread] Model - getState() called
[INFO ] 2018-03-01 11:34:31.284 [JavaFX Application Thread] View - normalEndTurn() called
[INFO ] 2018-03-01 11:34:31.285 [JavaFX Application Thread] View - stageHarder() called
[INFO ] 2018-03-01 11:34:31.285 [JavaFX Application Thread] View - totalNumOfBP() called
[INFO ] 2018-03-01 11:34:31.285 [JavaFX Application Thread] View - totalNumOfBP() called
[INFO ] 2018-03-01 11:34:31.285 [JavaFX Application Thread] Control - stagesSet() called
[INFO ] 2018-03-01 11:34:31.285 [JavaFX Application Thread] Control - startStageCycle() called
[INFO ] 2018-03-01 11:34:31.285 [JavaFX Application Thread] Model - resetCurrentStage() called
[INFO ] 2018-03-01 11:34:31.285 [JavaFX Application Thread] Model - setCurrentStage() called
[INFO ] 2018-03-01 11:34:31.285 [JavaFX Application Thread] Control - updateViewState() called
[INFO ] 2018-03-01 11:34:31.285 [JavaFX Application Thread] View - updateState() called
[INFO ] 2018-03-01 11:34:31.285 [JavaFX Application Thread] Control - getState() called
[INFO ] 2018-03-01 11:34:31.285 [JavaFX Application Thread] Model - getState() called
[INFO ] 2018-03-01 11:34:31.285 [JavaFX Application Thread] View - update(Stage) called
[INFO ] 2018-03-01 11:34:31.285 [JavaFX Application Thread] Control - getState() called
[INFO ] 2018-03-01 11:34:31.285 [JavaFX Application Thread] Model - getState() called
[INFO ] 2018-03-01 11:34:31.285 [JavaFX Application Thread] View - drawCards() called
[INFO ] 2018-03-01 11:34:31.285 [JavaFX Application Thread] Control - getState() called
[INFO ] 2018-03-01 11:34:31.285 [JavaFX Application Thread] Model - getState() called
[INFO ] 2018-03-01 11:34:31.285 [JavaFX Application Thread] View - addControlsToCanvas() called
[INFO ] 2018-03-01 11:34:31.285 [JavaFX Application Thread] View - addQueueToCanvas() called
[INFO ] 2018-03-01 11:34:31.286 [JavaFX Application Thread] Control - getActivePlayer() called
[INFO ] 2018-03-01 11:34:31.286 [JavaFX Application Thread] Model - getActivePlayer() called
[INFO ] 2018-03-01 11:34:31.313 [JavaFX Application Thread] View - setQueueCardControl() called
[INFO ] 2018-03-01 11:34:31.342 [JavaFX Application Thread] View - setQueueCardControl() called
[INFO ] 2018-03-01 11:34:31.367 [JavaFX Application Thread] View - setQueueCardControl() called
[INFO ] 2018-03-01 11:34:31.395 [JavaFX Application Thread] View - setQueueCardControl() called
[INFO ] 2018-03-01 11:34:31.395 [JavaFX Application Thread] View - addPlayerARankToCanvas() called
[INFO ] 2018-03-01 11:34:31.402 [JavaFX Application Thread] View - setRankControl() called
[INFO ] 2018-03-01 11:34:31.403 [JavaFX Application Thread] View - addPlayerBRankToCanvas() called
[INFO ] 2018-03-01 11:34:31.410 [JavaFX Application Thread] View - setRankControl() called
[INFO ] 2018-03-01 11:34:31.410 [JavaFX Application Thread] View - addShieldsAToCanvas() called
[INFO ] 2018-03-01 11:34:31.410 [JavaFX Application Thread] View - addPlayerAPartyToCanvas() called
[INFO ] 2018-03-01 11:34:31.436 [JavaFX Application Thread] View - setMorgaineCardControl() called
[INFO ] 2018-03-01 11:34:31.463 [JavaFX Application Thread] View - setMorgaineCardControl() called
[INFO ] 2018-03-01 11:34:31.464 [JavaFX Application Thread] View - addPlayerBPartyToCanvas() called
[INFO ] 2018-03-01 11:34:31.488 [JavaFX Application Thread] View - setMorgaineCardControl() called
[INFO ] 2018-03-01 11:34:31.515 [JavaFX Application Thread] View - setMorgaineCardControl() called
[INFO ] 2018-03-01 11:34:31.543 [JavaFX Application Thread] View - setMorgaineCardControl() called
[INFO ] 2018-03-01 11:34:31.544 [JavaFX Application Thread] View - addShieldsBToCanvas() called
[INFO ] 2018-03-01 11:34:31.544 [JavaFX Application Thread] View - addStoryCardToCanvas() called
[INFO ] 2018-03-01 11:34:31.568 [JavaFX Application Thread] View - addHandToCanvas() called
[INFO ] 2018-03-01 11:34:31.594 [JavaFX Application Thread] View - setHandCardControl() called
[INFO ] 2018-03-01 11:34:31.595 [JavaFX Application Thread] Control - getState() called
[INFO ] 2018-03-01 11:34:31.595 [JavaFX Application Thread] Model - getState() called
[INFO ] 2018-03-01 11:34:31.595 [JavaFX Application Thread] Control - getSubType() called
[INFO ] 2018-03-01 11:34:31.595 [JavaFX Application Thread] Model - getSubType() called
[INFO ] 2018-03-01 11:34:31.596 [JavaFX Application Thread] Model - getActivePlayer() called
[INFO ] 2018-03-01 11:34:31.622 [JavaFX Application Thread] View - setHandCardControl() called
[INFO ] 2018-03-01 11:34:31.623 [JavaFX Application Thread] Control - getState() called
[INFO ] 2018-03-01 11:34:31.623 [JavaFX Application Thread] Model - getState() called
[INFO ] 2018-03-01 11:34:31.623 [JavaFX Application Thread] Control - getSubType() called
[INFO ] 2018-03-01 11:34:31.623 [JavaFX Application Thread] Model - getSubType() called
[INFO ] 2018-03-01 11:34:31.623 [JavaFX Application Thread] Model - getActivePlayer() called
[INFO ] 2018-03-01 11:34:31.649 [JavaFX Application Thread] View - setHandCardControl() called
[INFO ] 2018-03-01 11:34:31.649 [JavaFX Application Thread] Control - getState() called
[INFO ] 2018-03-01 11:34:31.649 [JavaFX Application Thread] Model - getState() called
[INFO ] 2018-03-01 11:34:31.649 [JavaFX Application Thread] Control - getSubType() called
[INFO ] 2018-03-01 11:34:31.649 [JavaFX Application Thread] Model - getSubType() called
[INFO ] 2018-03-01 11:34:31.650 [JavaFX Application Thread] Model - getActivePlayer() called
[INFO ] 2018-03-01 11:34:31.680 [JavaFX Application Thread] View - setHandCardControl() called
[INFO ] 2018-03-01 11:34:31.680 [JavaFX Application Thread] Control - getState() called
[INFO ] 2018-03-01 11:34:31.681 [JavaFX Application Thread] Model - getState() called
[INFO ] 2018-03-01 11:34:31.681 [JavaFX Application Thread] Control - getSubType() called
[INFO ] 2018-03-01 11:34:31.681 [JavaFX Application Thread] Model - getSubType() called
[INFO ] 2018-03-01 11:34:31.681 [JavaFX Application Thread] Model - getActivePlayer() called
[INFO ] 2018-03-01 11:34:31.708 [JavaFX Application Thread] View - setHandCardControl() called
[INFO ] 2018-03-01 11:34:31.709 [JavaFX Application Thread] Control - getState() called
[INFO ] 2018-03-01 11:34:31.709 [JavaFX Application Thread] Model - getState() called
[INFO ] 2018-03-01 11:34:31.709 [JavaFX Application Thread] Control - getSubType() called
[INFO ] 2018-03-01 11:34:31.709 [JavaFX Application Thread] Model - getSubType() called
[INFO ] 2018-03-01 11:34:31.709 [JavaFX Application Thread] Model - getActivePlayer() called
[INFO ] 2018-03-01 11:34:31.735 [JavaFX Application Thread] View - setHandCardControl() called
[INFO ] 2018-03-01 11:34:31.736 [JavaFX Application Thread] Control - getState() called
[INFO ] 2018-03-01 11:34:31.736 [JavaFX Application Thread] Model - getState() called
[INFO ] 2018-03-01 11:34:31.736 [JavaFX Application Thread] Control - getSubType() called
[INFO ] 2018-03-01 11:34:31.736 [JavaFX Application Thread] Model - getSubType() called
[INFO ] 2018-03-01 11:34:31.736 [JavaFX Application Thread] Model - getActivePlayer() called
[INFO ] 2018-03-01 11:34:31.764 [JavaFX Application Thread] View - setHandCardControl() called
[INFO ] 2018-03-01 11:34:31.765 [JavaFX Application Thread] Control - getState() called
[INFO ] 2018-03-01 11:34:31.765 [JavaFX Application Thread] Model - getState() called
[INFO ] 2018-03-01 11:34:31.765 [JavaFX Application Thread] Control - getSubType() called
[INFO ] 2018-03-01 11:34:31.765 [JavaFX Application Thread] Model - getSubType() called
[INFO ] 2018-03-01 11:34:31.765 [JavaFX Application Thread] Model - getActivePlayer() called
[INFO ] 2018-03-01 11:34:31.790 [JavaFX Application Thread] View - setHandCardControl() called
[INFO ] 2018-03-01 11:34:31.791 [JavaFX Application Thread] Control - getState() called
[INFO ] 2018-03-01 11:34:31.791 [JavaFX Application Thread] Model - getState() called
[INFO ] 2018-03-01 11:34:31.791 [JavaFX Application Thread] Control - getSubType() called
[INFO ] 2018-03-01 11:34:31.791 [JavaFX Application Thread] Model - getSubType() called
[INFO ] 2018-03-01 11:34:31.791 [JavaFX Application Thread] Model - getActivePlayer() called
[INFO ] 2018-03-01 11:34:31.817 [JavaFX Application Thread] View - setHandCardControl() called
[INFO ] 2018-03-01 11:34:31.818 [JavaFX Application Thread] Control - getState() called
[INFO ] 2018-03-01 11:34:31.818 [JavaFX Application Thread] Model - getState() called
[INFO ] 2018-03-01 11:34:31.818 [JavaFX Application Thread] Control - getSubType() called
[INFO ] 2018-03-01 11:34:31.818 [JavaFX Application Thread] Model - getSubType() called
[INFO ] 2018-03-01 11:34:31.818 [JavaFX Application Thread] Model - getActivePlayer() called
[INFO ] 2018-03-01 11:34:31.847 [JavaFX Application Thread] View - setHandCardControl() called
[INFO ] 2018-03-01 11:34:31.848 [JavaFX Application Thread] Control - getState() called
[INFO ] 2018-03-01 11:34:31.848 [JavaFX Application Thread] Model - getState() called
[INFO ] 2018-03-01 11:34:31.848 [JavaFX Application Thread] Control - getSubType() called
[INFO ] 2018-03-01 11:34:31.848 [JavaFX Application Thread] Model - getSubType() called
[INFO ] 2018-03-01 11:34:31.848 [JavaFX Application Thread] Model - getActivePlayer() called
[INFO ] 2018-03-01 11:34:31.875 [JavaFX Application Thread] View - setHandCardControl() called
[INFO ] 2018-03-01 11:34:31.875 [JavaFX Application Thread] Control - getState() called
[INFO ] 2018-03-01 11:34:31.876 [JavaFX Application Thread] Model - getState() called
[INFO ] 2018-03-01 11:34:31.876 [JavaFX Application Thread] Control - getSubType() called
[INFO ] 2018-03-01 11:34:31.876 [JavaFX Application Thread] Model - getSubType() called
[INFO ] 2018-03-01 11:34:31.876 [JavaFX Application Thread] Model - getActivePlayer() called
[INFO ] 2018-03-01 11:34:31.904 [JavaFX Application Thread] View - setHandCardControl() called
[INFO ] 2018-03-01 11:34:31.905 [JavaFX Application Thread] Control - getState() called
[INFO ] 2018-03-01 11:34:31.905 [JavaFX Application Thread] Model - getState() called
[INFO ] 2018-03-01 11:34:31.905 [JavaFX Application Thread] Control - getSubType() called
[INFO ] 2018-03-01 11:34:31.905 [JavaFX Application Thread] Model - getSubType() called
[INFO ] 2018-03-01 11:34:31.905 [JavaFX Application Thread] Model - getActivePlayer() called
[INFO ] 2018-03-01 11:34:31.905 [JavaFX Application Thread] View - addStageToCanvas() called
[INFO ] 2018-03-01 11:34:31.905 [JavaFX Application Thread] Control - getState() called
[INFO ] 2018-03-01 11:34:31.905 [JavaFX Application Thread] Model - getState() called
[INFO ] 2018-03-01 11:34:31.935 [JavaFX Application Thread] View - setStageCardControl() called
[INFO ] 2018-03-01 11:34:31.935 [JavaFX Application Thread] View - addStage() called
[INFO ] 2018-03-01 11:34:31.935 [JavaFX Application Thread] View - addStage() called
[INFO ] 2018-03-01 11:34:31.946 [JavaFX Application Thread] Model - stagesSet() called
[INFO ] 2018-03-01 11:34:31.946 [JavaFX Application Thread] Control - updateViewState() called
[INFO ] 2018-03-01 11:34:31.946 [JavaFX Application Thread] View - updateState() called
[INFO ] 2018-03-01 11:34:31.946 [JavaFX Application Thread] Control - getState() called
[INFO ] 2018-03-01 11:34:31.946 [JavaFX Application Thread] Model - getState() called
[INFO ] 2018-03-01 11:34:31.946 [JavaFX Application Thread] View - update(Stage) called
[INFO ] 2018-03-01 11:34:31.946 [JavaFX Application Thread] Control - getState() called
[INFO ] 2018-03-01 11:34:31.946 [JavaFX Application Thread] Model - getState() called
[INFO ] 2018-03-01 11:34:31.947 [JavaFX Application Thread] View - drawCards() called
[INFO ] 2018-03-01 11:34:31.947 [JavaFX Application Thread] Control - getState() called
[INFO ] 2018-03-01 11:34:31.947 [JavaFX Application Thread] Model - getState() called
[INFO ] 2018-03-01 11:34:31.947 [JavaFX Application Thread] View - addControlsToCanvas() called
[INFO ] 2018-03-01 11:34:31.947 [JavaFX Application Thread] View - addQueueToCanvas() called
[INFO ] 2018-03-01 11:34:31.947 [JavaFX Application Thread] Control - getActivePlayer() called
[INFO ] 2018-03-01 11:34:31.947 [JavaFX Application Thread] Model - getActivePlayer() called
[INFO ] 2018-03-01 11:34:31.984 [JavaFX Application Thread] View - setQueueCardControl() called
[INFO ] 2018-03-01 11:34:32.014 [JavaFX Application Thread] View - setQueueCardControl() called
[INFO ] 2018-03-01 11:34:32.043 [JavaFX Application Thread] View - setQueueCardControl() called
[INFO ] 2018-03-01 11:34:32.070 [JavaFX Application Thread] View - setQueueCardControl() called
[INFO ] 2018-03-01 11:34:32.071 [JavaFX Application Thread] View - addPlayerARankToCanvas() called
[INFO ] 2018-03-01 11:34:32.079 [JavaFX Application Thread] View - setRankControl() called
[INFO ] 2018-03-01 11:34:32.079 [JavaFX Application Thread] View - addPlayerBRankToCanvas() called
[INFO ] 2018-03-01 11:34:32.088 [JavaFX Application Thread] View - setRankControl() called
[INFO ] 2018-03-01 11:34:32.088 [JavaFX Application Thread] View - addShieldsAToCanvas() called
[INFO ] 2018-03-01 11:34:32.088 [JavaFX Application Thread] View - addPlayerAPartyToCanvas() called
[INFO ] 2018-03-01 11:34:32.117 [JavaFX Application Thread] View - setMorgaineCardControl() called
[INFO ] 2018-03-01 11:34:32.146 [JavaFX Application Thread] View - setMorgaineCardControl() called
[INFO ] 2018-03-01 11:34:32.147 [JavaFX Application Thread] View - addPlayerBPartyToCanvas() called
[INFO ] 2018-03-01 11:34:32.176 [JavaFX Application Thread] View - setMorgaineCardControl() called
[INFO ] 2018-03-01 11:34:32.203 [JavaFX Application Thread] View - setMorgaineCardControl() called
[INFO ] 2018-03-01 11:34:32.232 [JavaFX Application Thread] View - setMorgaineCardControl() called
[INFO ] 2018-03-01 11:34:32.233 [JavaFX Application Thread] View - addShieldsBToCanvas() called
[INFO ] 2018-03-01 11:34:32.233 [JavaFX Application Thread] View - addStoryCardToCanvas() called
[INFO ] 2018-03-01 11:34:32.258 [JavaFX Application Thread] View - addHandToCanvas() called
[INFO ] 2018-03-01 11:34:32.286 [JavaFX Application Thread] View - setHandCardControl() called
[INFO ] 2018-03-01 11:34:32.286 [JavaFX Application Thread] Control - getState() called
[INFO ] 2018-03-01 11:34:32.286 [JavaFX Application Thread] Model - getState() called
[INFO ] 2018-03-01 11:34:32.286 [JavaFX Application Thread] Control - getSubType() called
[INFO ] 2018-03-01 11:34:32.286 [JavaFX Application Thread] Model - getSubType() called
[INFO ] 2018-03-01 11:34:32.286 [JavaFX Application Thread] Model - getActivePlayer() called
[INFO ] 2018-03-01 11:34:32.385 [JavaFX Application Thread] View - setHandCardControl() called
[INFO ] 2018-03-01 11:34:32.387 [JavaFX Application Thread] Control - getState() called
[INFO ] 2018-03-01 11:34:32.388 [JavaFX Application Thread] Model - getState() called
[INFO ] 2018-03-01 11:34:32.388 [JavaFX Application Thread] Control - getSubType() called
[INFO ] 2018-03-01 11:34:32.388 [JavaFX Application Thread] Model - getSubType() called
[INFO ] 2018-03-01 11:34:32.388 [JavaFX Application Thread] Model - getActivePlayer() called
[INFO ] 2018-03-01 11:34:32.414 [JavaFX Application Thread] View - setHandCardControl() called
[INFO ] 2018-03-01 11:34:32.415 [JavaFX Application Thread] Control - getState() called
[INFO ] 2018-03-01 11:34:32.415 [JavaFX Application Thread] Model - getState() called
[INFO ] 2018-03-01 11:34:32.415 [JavaFX Application Thread] Control - getSubType() called
[INFO ] 2018-03-01 11:34:32.415 [JavaFX Application Thread] Model - getSubType() called
[INFO ] 2018-03-01 11:34:32.415 [JavaFX Application Thread] Model - getActivePlayer() called
[INFO ] 2018-03-01 11:34:32.444 [JavaFX Application Thread] View - setHandCardControl() called
[INFO ] 2018-03-01 11:34:32.444 [JavaFX Application Thread] Control - getState() called
[INFO ] 2018-03-01 11:34:32.444 [JavaFX Application Thread] Model - getState() called
[INFO ] 2018-03-01 11:34:32.444 [JavaFX Application Thread] Control - getSubType() called
[INFO ] 2018-03-01 11:34:32.444 [JavaFX Application Thread] Model - getSubType() called
[INFO ] 2018-03-01 11:34:32.444 [JavaFX Application Thread] Model - getActivePlayer() called
[INFO ] 2018-03-01 11:34:32.472 [JavaFX Application Thread] View - setHandCardControl() called
[INFO ] 2018-03-01 11:34:32.472 [JavaFX Application Thread] Control - getState() called
[INFO ] 2018-03-01 11:34:32.472 [JavaFX Application Thread] Model - getState() called
[INFO ] 2018-03-01 11:34:32.472 [JavaFX Application Thread] Control - getSubType() called
[INFO ] 2018-03-01 11:34:32.472 [JavaFX Application Thread] Model - getSubType() called
[INFO ] 2018-03-01 11:34:32.472 [JavaFX Application Thread] Model - getActivePlayer() called
[INFO ] 2018-03-01 11:34:32.499 [JavaFX Application Thread] View - setHandCardControl() called
[INFO ] 2018-03-01 11:34:32.500 [JavaFX Application Thread] Control - getState() called
[INFO ] 2018-03-01 11:34:32.500 [JavaFX Application Thread] Model - getState() called
[INFO ] 2018-03-01 11:34:32.500 [JavaFX Application Thread] Control - getSubType() called
[INFO ] 2018-03-01 11:34:32.500 [JavaFX Application Thread] Model - getSubType() called
[INFO ] 2018-03-01 11:34:32.500 [JavaFX Application Thread] Model - getActivePlayer() called
[INFO ] 2018-03-01 11:34:32.525 [JavaFX Application Thread] View - setHandCardControl() called
[INFO ] 2018-03-01 11:34:32.525 [JavaFX Application Thread] Control - getState() called
[INFO ] 2018-03-01 11:34:32.526 [JavaFX Application Thread] Model - getState() called
[INFO ] 2018-03-01 11:34:32.526 [JavaFX Application Thread] Control - getSubType() called
[INFO ] 2018-03-01 11:34:32.526 [JavaFX Application Thread] Model - getSubType() called
[INFO ] 2018-03-01 11:34:32.526 [JavaFX Application Thread] Model - getActivePlayer() called
[INFO ] 2018-03-01 11:34:32.551 [JavaFX Application Thread] View - setHandCardControl() called
[INFO ] 2018-03-01 11:34:32.551 [JavaFX Application Thread] Control - getState() called
[INFO ] 2018-03-01 11:34:32.551 [JavaFX Application Thread] Model - getState() called
[INFO ] 2018-03-01 11:34:32.551 [JavaFX Application Thread] Control - getSubType() called
[INFO ] 2018-03-01 11:34:32.551 [JavaFX Application Thread] Model - getSubType() called
[INFO ] 2018-03-01 11:34:32.551 [JavaFX Application Thread] Model - getActivePlayer() called
[INFO ] 2018-03-01 11:34:32.578 [JavaFX Application Thread] View - setHandCardControl() called
[INFO ] 2018-03-01 11:34:32.579 [JavaFX Application Thread] Control - getState() called
[INFO ] 2018-03-01 11:34:32.579 [JavaFX Application Thread] Model - getState() called
[INFO ] 2018-03-01 11:34:32.579 [JavaFX Application Thread] Control - getSubType() called
[INFO ] 2018-03-01 11:34:32.579 [JavaFX Application Thread] Model - getSubType() called
[INFO ] 2018-03-01 11:34:32.579 [JavaFX Application Thread] Model - getActivePlayer() called
[INFO ] 2018-03-01 11:34:32.607 [JavaFX Application Thread] View - setHandCardControl() called
[INFO ] 2018-03-01 11:34:32.607 [JavaFX Application Thread] Control - getState() called
[INFO ] 2018-03-01 11:34:32.607 [JavaFX Application Thread] Model - getState() called
[INFO ] 2018-03-01 11:34:32.607 [JavaFX Application Thread] Control - getSubType() called
[INFO ] 2018-03-01 11:34:32.608 [JavaFX Application Thread] Model - getSubType() called
[INFO ] 2018-03-01 11:34:32.608 [JavaFX Application Thread] Model - getActivePlayer() called
[INFO ] 2018-03-01 11:34:32.634 [JavaFX Application Thread] View - setHandCardControl() called
[INFO ] 2018-03-01 11:34:32.634 [JavaFX Application Thread] Control - getState() called
[INFO ] 2018-03-01 11:34:32.634 [JavaFX Application Thread] Model - getState() called
[INFO ] 2018-03-01 11:34:32.634 [JavaFX Application Thread] Control - getSubType() called
[INFO ] 2018-03-01 11:34:32.634 [JavaFX Application Thread] Model - getSubType() called
[INFO ] 2018-03-01 11:34:32.634 [JavaFX Application Thread] Model - getActivePlayer() called
[INFO ] 2018-03-01 11:34:32.660 [JavaFX Application Thread] View - setHandCardControl() called
[INFO ] 2018-03-01 11:34:32.660 [JavaFX Application Thread] Control - getState() called
[INFO ] 2018-03-01 11:34:32.660 [JavaFX Application Thread] Model - getState() called
[INFO ] 2018-03-01 11:34:32.660 [JavaFX Application Thread] Control - getSubType() called
[INFO ] 2018-03-01 11:34:32.660 [JavaFX Application Thread] Model - getSubType() called
[INFO ] 2018-03-01 11:34:32.660 [JavaFX Application Thread] Model - getActivePlayer() called
[INFO ] 2018-03-01 11:34:32.661 [JavaFX Application Thread] View - addStageToCanvas() called
[INFO ] 2018-03-01 11:34:32.661 [JavaFX Application Thread] Control - getState() called
[INFO ] 2018-03-01 11:34:32.661 [JavaFX Application Thread] Model - getState() called
[INFO ] 2018-03-01 11:34:32.688 [JavaFX Application Thread] View - setStageCardControl() called
[INFO ] 2018-03-01 11:34:32.688 [JavaFX Application Thread] View - addStage() called
[INFO ] 2018-03-01 11:34:32.688 [JavaFX Application Thread] View - addStage() called
[INFO ] 2018-03-01 11:34:32.697 [JavaFX Application Thread] Control - buttonClick() called
[INFO ] 2018-03-01 11:34:32.697 [JavaFX Application Thread] Model - endTurn() called
[INFO ] 2018-03-01 11:34:32.697 [JavaFX Application Thread] Model - viewerChanged() called
[INFO ] 2018-03-01 11:34:32.697 [JavaFX Application Thread] Control - getState() called
[INFO ] 2018-03-01 11:34:32.697 [JavaFX Application Thread] Model - getState() called
[INFO ] 2018-03-01 11:34:32.697 [JavaFX Application Thread] View - update(Stage) called
[INFO ] 2018-03-01 11:34:32.697 [JavaFX Application Thread] Control - getState() called
[INFO ] 2018-03-01 11:34:32.697 [JavaFX Application Thread] Model - getState() called
[INFO ] 2018-03-01 11:34:32.698 [JavaFX Application Thread] View - drawCards() called
[INFO ] 2018-03-01 11:34:32.698 [JavaFX Application Thread] Control - getState() called
[INFO ] 2018-03-01 11:34:32.698 [JavaFX Application Thread] Model - getState() called
[INFO ] 2018-03-01 11:34:32.698 [JavaFX Application Thread] View - addControlsToCanvas() called
[INFO ] 2018-03-01 11:34:32.698 [JavaFX Application Thread] View - addQueueToCanvas() called
[INFO ] 2018-03-01 11:34:32.698 [JavaFX Application Thread] Control - getActivePlayer() called
[INFO ] 2018-03-01 11:34:32.698 [JavaFX Application Thread] Model - getActivePlayer() called
[INFO ] 2018-03-01 11:34:32.724 [JavaFX Application Thread] View - setQueueCardControl() called
[INFO ] 2018-03-01 11:34:32.750 [JavaFX Application Thread] View - setQueueCardControl() called
[INFO ] 2018-03-01 11:34:32.777 [JavaFX Application Thread] View - setQueueCardControl() called
[INFO ] 2018-03-01 11:34:32.802 [JavaFX Application Thread] View - setQueueCardControl() called
[INFO ] 2018-03-01 11:34:32.803 [JavaFX Application Thread] View - addPlayerARankToCanvas() called
[INFO ] 2018-03-01 11:34:32.813 [JavaFX Application Thread] View - setRankControl() called
[INFO ] 2018-03-01 11:34:32.813 [JavaFX Application Thread] View - addPlayerBRankToCanvas() called
[INFO ] 2018-03-01 11:34:32.821 [JavaFX Application Thread] View - setRankControl() called
[INFO ] 2018-03-01 11:34:32.821 [JavaFX Application Thread] View - addShieldsAToCanvas() called
[INFO ] 2018-03-01 11:34:32.821 [JavaFX Application Thread] View - addPlayerAPartyToCanvas() called
[INFO ] 2018-03-01 11:34:32.850 [JavaFX Application Thread] View - setMorgaineCardControl() called
[INFO ] 2018-03-01 11:34:32.876 [JavaFX Application Thread] View - setMorgaineCardControl() called
[INFO ] 2018-03-01 11:34:32.876 [JavaFX Application Thread] View - addPlayerBPartyToCanvas() called
[INFO ] 2018-03-01 11:34:32.902 [JavaFX Application Thread] View - setMorgaineCardControl() called
[INFO ] 2018-03-01 11:34:32.928 [JavaFX Application Thread] View - setMorgaineCardControl() called
[INFO ] 2018-03-01 11:34:32.956 [JavaFX Application Thread] View - setMorgaineCardControl() called
[INFO ] 2018-03-01 11:34:32.956 [JavaFX Application Thread] View - addShieldsBToCanvas() called
[INFO ] 2018-03-01 11:34:32.957 [JavaFX Application Thread] View - addStoryCardToCanvas() called
[INFO ] 2018-03-01 11:34:32.981 [JavaFX Application Thread] View - addHandToCanvas() called
[INFO ] 2018-03-01 11:34:33.007 [JavaFX Application Thread] View - setHandCardControl() called
[INFO ] 2018-03-01 11:34:33.008 [JavaFX Application Thread] Control - getState() called
[INFO ] 2018-03-01 11:34:33.008 [JavaFX Application Thread] Model - getState() called
[INFO ] 2018-03-01 11:34:33.008 [JavaFX Application Thread] Control - getSubType() called
[INFO ] 2018-03-01 11:34:33.008 [JavaFX Application Thread] Model - getSubType() called
[INFO ] 2018-03-01 11:34:33.008 [JavaFX Application Thread] Model - getActivePlayer() called
[INFO ] 2018-03-01 11:34:33.033 [JavaFX Application Thread] View - setHandCardControl() called
[INFO ] 2018-03-01 11:34:33.034 [JavaFX Application Thread] Control - getState() called
[INFO ] 2018-03-01 11:34:33.034 [JavaFX Application Thread] Model - getState() called
[INFO ] 2018-03-01 11:34:33.034 [JavaFX Application Thread] Control - getSubType() called
[INFO ] 2018-03-01 11:34:33.034 [JavaFX Application Thread] Model - getSubType() called
[INFO ] 2018-03-01 11:34:33.034 [JavaFX Application Thread] Model - getActivePlayer() called
[INFO ] 2018-03-01 11:34:33.063 [JavaFX Application Thread] View - setHandCardControl() called
[INFO ] 2018-03-01 11:34:33.064 [JavaFX Application Thread] Control - getState() called
[INFO ] 2018-03-01 11:34:33.064 [JavaFX Application Thread] Model - getState() called
[INFO ] 2018-03-01 11:34:33.064 [JavaFX Application Thread] Control - getSubType() called
[INFO ] 2018-03-01 11:34:33.064 [JavaFX Application Thread] Model - getSubType() called
[INFO ] 2018-03-01 11:34:33.064 [JavaFX Application Thread] Model - getActivePlayer() called
[INFO ] 2018-03-01 11:34:33.095 [JavaFX Application Thread] View - setHandCardControl() called
[INFO ] 2018-03-01 11:34:33.095 [JavaFX Application Thread] Control - getState() called
[INFO ] 2018-03-01 11:34:33.095 [JavaFX Application Thread] Model - getState() called
[INFO ] 2018-03-01 11:34:33.095 [JavaFX Application Thread] Control - getSubType() called
[INFO ] 2018-03-01 11:34:33.095 [JavaFX Application Thread] Model - getSubType() called
[INFO ] 2018-03-01 11:34:33.096 [JavaFX Application Thread] Model - getActivePlayer() called
[INFO ] 2018-03-01 11:34:33.123 [JavaFX Application Thread] View - setHandCardControl() called
[INFO ] 2018-03-01 11:34:33.123 [JavaFX Application Thread] Control - getState() called
[INFO ] 2018-03-01 11:34:33.123 [JavaFX Application Thread] Model - getState() called
[INFO ] 2018-03-01 11:34:33.123 [JavaFX Application Thread] Control - getSubType() called
[INFO ] 2018-03-01 11:34:33.123 [JavaFX Application Thread] Model - getSubType() called
[INFO ] 2018-03-01 11:34:33.123 [JavaFX Application Thread] Model - getActivePlayer() called
[INFO ] 2018-03-01 11:34:33.150 [JavaFX Application Thread] View - setHandCardControl() called
[INFO ] 2018-03-01 11:34:33.150 [JavaFX Application Thread] Control - getState() called
[INFO ] 2018-03-01 11:34:33.150 [JavaFX Application Thread] Model - getState() called
[INFO ] 2018-03-01 11:34:33.150 [JavaFX Application Thread] Control - getSubType() called
[INFO ] 2018-03-01 11:34:33.150 [JavaFX Application Thread] Model - getSubType() called
[INFO ] 2018-03-01 11:34:33.151 [JavaFX Application Thread] Model - getActivePlayer() called
[INFO ] 2018-03-01 11:34:33.179 [JavaFX Application Thread] View - setHandCardControl() called
[INFO ] 2018-03-01 11:34:33.180 [JavaFX Application Thread] Control - getState() called
[INFO ] 2018-03-01 11:34:33.180 [JavaFX Application Thread] Model - getState() called
[INFO ] 2018-03-01 11:34:33.180 [JavaFX Application Thread] Control - getSubType() called
[INFO ] 2018-03-01 11:34:33.180 [JavaFX Application Thread] Model - getSubType() called
[INFO ] 2018-03-01 11:34:33.180 [JavaFX Application Thread] Model - getActivePlayer() called
[INFO ] 2018-03-01 11:34:33.205 [JavaFX Application Thread] View - setHandCardControl() called
[INFO ] 2018-03-01 11:34:33.205 [JavaFX Application Thread] Control - getState() called
[INFO ] 2018-03-01 11:34:33.205 [JavaFX Application Thread] Model - getState() called
[INFO ] 2018-03-01 11:34:33.205 [JavaFX Application Thread] Control - getSubType() called
[INFO ] 2018-03-01 11:34:33.205 [JavaFX Application Thread] Model - getSubType() called
[INFO ] 2018-03-01 11:34:33.205 [JavaFX Application Thread] Model - getActivePlayer() called
[INFO ] 2018-03-01 11:34:33.234 [JavaFX Application Thread] View - setHandCardControl() called
[INFO ] 2018-03-01 11:34:33.234 [JavaFX Application Thread] Control - getState() called
[INFO ] 2018-03-01 11:34:33.234 [JavaFX Application Thread] Model - getState() called
[INFO ] 2018-03-01 11:34:33.234 [JavaFX Application Thread] Control - getSubType() called
[INFO ] 2018-03-01 11:34:33.234 [JavaFX Application Thread] Model - getSubType() called
[INFO ] 2018-03-01 11:34:33.234 [JavaFX Application Thread] Model - getActivePlayer() called
[INFO ] 2018-03-01 11:34:33.260 [JavaFX Application Thread] View - setHandCardControl() called
[INFO ] 2018-03-01 11:34:33.261 [JavaFX Application Thread] Control - getState() called
[INFO ] 2018-03-01 11:34:33.261 [JavaFX Application Thread] Model - getState() called
[INFO ] 2018-03-01 11:34:33.261 [JavaFX Application Thread] Control - getSubType() called
[INFO ] 2018-03-01 11:34:33.261 [JavaFX Application Thread] Model - getSubType() called
[INFO ] 2018-03-01 11:34:33.261 [JavaFX Application Thread] Model - getActivePlayer() called
[INFO ] 2018-03-01 11:34:33.287 [JavaFX Application Thread] View - setHandCardControl() called
[INFO ] 2018-03-01 11:34:33.288 [JavaFX Application Thread] Control - getState() called
[INFO ] 2018-03-01 11:34:33.288 [JavaFX Application Thread] Model - getState() called
[INFO ] 2018-03-01 11:34:33.288 [JavaFX Application Thread] Control - getSubType() called
[INFO ] 2018-03-01 11:34:33.288 [JavaFX Application Thread] Model - getSubType() called
[INFO ] 2018-03-01 11:34:33.288 [JavaFX Application Thread] Model - getActivePlayer() called
[INFO ] 2018-03-01 11:34:33.314 [JavaFX Application Thread] View - setHandCardControl() called
[INFO ] 2018-03-01 11:34:33.315 [JavaFX Application Thread] Control - getState() called
[INFO ] 2018-03-01 11:34:33.315 [JavaFX Application Thread] Model - getState() called
[INFO ] 2018-03-01 11:34:33.315 [JavaFX Application Thread] Control - getSubType() called
[INFO ] 2018-03-01 11:34:33.315 [JavaFX Application Thread] Model - getSubType() called
[INFO ] 2018-03-01 11:34:33.315 [JavaFX Application Thread] Model - getActivePlayer() called
[INFO ] 2018-03-01 11:34:33.315 [JavaFX Application Thread] View - addStageToCanvas() called
[INFO ] 2018-03-01 11:34:33.315 [JavaFX Application Thread] Control - getState() called
[INFO ] 2018-03-01 11:34:33.315 [JavaFX Application Thread] Model - getState() called
[INFO ] 2018-03-01 11:34:33.315 [JavaFX Application Thread] Control - getState() called
[INFO ] 2018-03-01 11:34:33.315 [JavaFX Application Thread] Model - getState() called
[INFO ] 2018-03-01 11:34:33.315 [JavaFX Application Thread] View - addStage() called
[INFO ] 2018-03-01 11:34:33.315 [JavaFX Application Thread] View - addStage() called
[INFO ] 2018-03-01 11:34:33.323 [JavaFX Application Thread] Control - getActivePlayer() called
[INFO ] 2018-03-01 11:34:33.323 [JavaFX Application Thread] Model - getActivePlayer() called
[INFO ] 2018-03-01 11:34:34.572 [JavaFX Application Thread] View - update(Stage) called
[INFO ] 2018-03-01 11:34:34.572 [JavaFX Application Thread] Control - getState() called
[INFO ] 2018-03-01 11:34:34.572 [JavaFX Application Thread] Model - getState() called
[INFO ] 2018-03-01 11:34:34.572 [JavaFX Application Thread] View - drawCards() called
[INFO ] 2018-03-01 11:34:34.572 [JavaFX Application Thread] Control - getState() called
[INFO ] 2018-03-01 11:34:34.572 [JavaFX Application Thread] Model - getState() called
[INFO ] 2018-03-01 11:34:34.572 [JavaFX Application Thread] View - addControlsToCanvas() called
[INFO ] 2018-03-01 11:34:34.573 [JavaFX Application Thread] View - addQueueToCanvas() called
[INFO ] 2018-03-01 11:34:34.573 [JavaFX Application Thread] Control - getActivePlayer() called
[INFO ] 2018-03-01 11:34:34.573 [JavaFX Application Thread] Model - getActivePlayer() called
[INFO ] 2018-03-01 11:34:34.598 [JavaFX Application Thread] View - setQueueCardControl() called
[INFO ] 2018-03-01 11:34:34.625 [JavaFX Application Thread] View - setQueueCardControl() called
[INFO ] 2018-03-01 11:34:34.652 [JavaFX Application Thread] View - setQueueCardControl() called
[INFO ] 2018-03-01 11:34:34.678 [JavaFX Application Thread] View - setQueueCardControl() called
[INFO ] 2018-03-01 11:34:34.678 [JavaFX Application Thread] View - addPlayerARankToCanvas() called
[INFO ] 2018-03-01 11:34:34.685 [JavaFX Application Thread] View - setRankControl() called
[INFO ] 2018-03-01 11:34:34.685 [JavaFX Application Thread] View - addPlayerBRankToCanvas() called
[INFO ] 2018-03-01 11:34:34.693 [JavaFX Application Thread] View - setRankControl() called
[INFO ] 2018-03-01 11:34:34.693 [JavaFX Application Thread] View - addShieldsAToCanvas() called
[INFO ] 2018-03-01 11:34:34.693 [JavaFX Application Thread] View - addPlayerAPartyToCanvas() called
[INFO ] 2018-03-01 11:34:34.749 [JavaFX Application Thread] View - setMorgaineCardControl() called
[INFO ] 2018-03-01 11:34:34.777 [JavaFX Application Thread] View - setMorgaineCardControl() called
[INFO ] 2018-03-01 11:34:34.778 [JavaFX Application Thread] View - addPlayerBPartyToCanvas() called
[INFO ] 2018-03-01 11:34:34.802 [JavaFX Application Thread] View - setMorgaineCardControl() called
[INFO ] 2018-03-01 11:34:34.827 [JavaFX Application Thread] View - setMorgaineCardControl() called
[INFO ] 2018-03-01 11:34:34.855 [JavaFX Application Thread] View - setMorgaineCardControl() called
[INFO ] 2018-03-01 11:34:34.856 [JavaFX Application Thread] View - addShieldsBToCanvas() called
[INFO ] 2018-03-01 11:34:34.856 [JavaFX Application Thread] View - addStoryCardToCanvas() called
[INFO ] 2018-03-01 11:34:34.880 [JavaFX Application Thread] View - addHandToCanvas() called
[INFO ] 2018-03-01 11:34:34.907 [JavaFX Application Thread] View - setHandCardControl() called
[INFO ] 2018-03-01 11:34:34.907 [JavaFX Application Thread] Control - getState() called
[INFO ] 2018-03-01 11:34:34.907 [JavaFX Application Thread] Model - getState() called
[INFO ] 2018-03-01 11:34:34.907 [JavaFX Application Thread] Control - getSubType() called
[INFO ] 2018-03-01 11:34:34.907 [JavaFX Application Thread] Model - getSubType() called
[INFO ] 2018-03-01 11:34:34.907 [JavaFX Application Thread] Model - getActivePlayer() called
[INFO ] 2018-03-01 11:34:34.933 [JavaFX Application Thread] View - setHandCardControl() called
[INFO ] 2018-03-01 11:34:34.933 [JavaFX Application Thread] Control - getState() called
[INFO ] 2018-03-01 11:34:34.933 [JavaFX Application Thread] Model - getState() called
[INFO ] 2018-03-01 11:34:34.933 [JavaFX Application Thread] Control - getSubType() called
[INFO ] 2018-03-01 11:34:34.934 [JavaFX Application Thread] Model - getSubType() called
[INFO ] 2018-03-01 11:34:34.934 [JavaFX Application Thread] Model - getActivePlayer() called
[INFO ] 2018-03-01 11:34:34.962 [JavaFX Application Thread] View - setHandCardControl() called
[INFO ] 2018-03-01 11:34:34.963 [JavaFX Application Thread] Control - getState() called
[INFO ] 2018-03-01 11:34:34.963 [JavaFX Application Thread] Model - getState() called
[INFO ] 2018-03-01 11:34:34.963 [JavaFX Application Thread] Control - getSubType() called
[INFO ] 2018-03-01 11:34:34.963 [JavaFX Application Thread] Model - getSubType() called
[INFO ] 2018-03-01 11:34:34.963 [JavaFX Application Thread] Model - getActivePlayer() called
[INFO ] 2018-03-01 11:34:34.992 [JavaFX Application Thread] View - setHandCardControl() called
[INFO ] 2018-03-01 11:34:34.993 [JavaFX Application Thread] Control - getState() called
[INFO ] 2018-03-01 11:34:34.993 [JavaFX Application Thread] Model - getState() called
[INFO ] 2018-03-01 11:34:34.993 [JavaFX Application Thread] Control - getSubType() called
[INFO ] 2018-03-01 11:34:34.993 [JavaFX Application Thread] Model - getSubType() called
[INFO ] 2018-03-01 11:34:34.993 [JavaFX Application Thread] Model - getActivePlayer() called
[INFO ] 2018-03-01 11:34:35.021 [JavaFX Application Thread] View - setHandCardControl() called
[INFO ] 2018-03-01 11:34:35.021 [JavaFX Application Thread] Control - getState() called
[INFO ] 2018-03-01 11:34:35.021 [JavaFX Application Thread] Model - getState() called
[INFO ] 2018-03-01 11:34:35.021 [JavaFX Application Thread] Control - getSubType() called
[INFO ] 2018-03-01 11:34:35.021 [JavaFX Application Thread] Model - getSubType() called
[INFO ] 2018-03-01 11:34:35.021 [JavaFX Application Thread] Model - getActivePlayer() called
[INFO ] 2018-03-01 11:34:35.049 [JavaFX Application Thread] View - setHandCardControl() called
[INFO ] 2018-03-01 11:34:35.049 [JavaFX Application Thread] Control - getState() called
[INFO ] 2018-03-01 11:34:35.049 [JavaFX Application Thread] Model - getState() called
[INFO ] 2018-03-01 11:34:35.049 [JavaFX Application Thread] Control - getSubType() called
[INFO ] 2018-03-01 11:34:35.049 [JavaFX Application Thread] Model - getSubType() called
[INFO ] 2018-03-01 11:34:35.049 [JavaFX Application Thread] Model - getActivePlayer() called
[INFO ] 2018-03-01 11:34:35.076 [JavaFX Application Thread] View - setHandCardControl() called
[INFO ] 2018-03-01 11:34:35.076 [JavaFX Application Thread] Control - getState() called
[INFO ] 2018-03-01 11:34:35.077 [JavaFX Application Thread] Model - getState() called
[INFO ] 2018-03-01 11:34:35.077 [JavaFX Application Thread] Control - getSubType() called
[INFO ] 2018-03-01 11:34:35.077 [JavaFX Application Thread] Model - getSubType() called
[INFO ] 2018-03-01 11:34:35.077 [JavaFX Application Thread] Model - getActivePlayer() called
[INFO ] 2018-03-01 11:34:35.102 [JavaFX Application Thread] View - setHandCardControl() called
[INFO ] 2018-03-01 11:34:35.102 [JavaFX Application Thread] Control - getState() called
[INFO ] 2018-03-01 11:34:35.102 [JavaFX Application Thread] Model - getState() called
[INFO ] 2018-03-01 11:34:35.102 [JavaFX Application Thread] Control - getSubType() called
[INFO ] 2018-03-01 11:34:35.102 [JavaFX Application Thread] Model - getSubType() called
[INFO ] 2018-03-01 11:34:35.102 [JavaFX Application Thread] Model - getActivePlayer() called
[INFO ] 2018-03-01 11:34:35.129 [JavaFX Application Thread] View - setHandCardControl() called
[INFO ] 2018-03-01 11:34:35.130 [JavaFX Application Thread] Control - getState() called
[INFO ] 2018-03-01 11:34:35.130 [JavaFX Application Thread] Model - getState() called
[INFO ] 2018-03-01 11:34:35.130 [JavaFX Application Thread] Control - getSubType() called
[INFO ] 2018-03-01 11:34:35.130 [JavaFX Application Thread] Model - getSubType() called
[INFO ] 2018-03-01 11:34:35.131 [JavaFX Application Thread] Model - getActivePlayer() called
[INFO ] 2018-03-01 11:34:35.156 [JavaFX Application Thread] View - setHandCardControl() called
[INFO ] 2018-03-01 11:34:35.157 [JavaFX Application Thread] Control - getState() called
[INFO ] 2018-03-01 11:34:35.157 [JavaFX Application Thread] Model - getState() called
[INFO ] 2018-03-01 11:34:35.157 [JavaFX Application Thread] Control - getSubType() called
[INFO ] 2018-03-01 11:34:35.157 [JavaFX Application Thread] Model - getSubType() called
[INFO ] 2018-03-01 11:34:35.157 [JavaFX Application Thread] Model - getActivePlayer() called
[INFO ] 2018-03-01 11:34:35.185 [JavaFX Application Thread] View - setHandCardControl() called
[INFO ] 2018-03-01 11:34:35.186 [JavaFX Application Thread] Control - getState() called
[INFO ] 2018-03-01 11:34:35.186 [JavaFX Application Thread] Model - getState() called
[INFO ] 2018-03-01 11:34:35.186 [JavaFX Application Thread] Control - getSubType() called
[INFO ] 2018-03-01 11:34:35.186 [JavaFX Application Thread] Model - getSubType() called
[INFO ] 2018-03-01 11:34:35.186 [JavaFX Application Thread] Model - getActivePlayer() called
[INFO ] 2018-03-01 11:34:35.212 [JavaFX Application Thread] View - setHandCardControl() called
[INFO ] 2018-03-01 11:34:35.213 [JavaFX Application Thread] Control - getState() called
[INFO ] 2018-03-01 11:34:35.213 [JavaFX Application Thread] Model - getState() called
[INFO ] 2018-03-01 11:34:35.213 [JavaFX Application Thread] Control - getSubType() called
[INFO ] 2018-03-01 11:34:35.213 [JavaFX Application Thread] Model - getSubType() called
[INFO ] 2018-03-01 11:34:35.213 [JavaFX Application Thread] Model - getActivePlayer() called
[INFO ] 2018-03-01 11:34:35.213 [JavaFX Application Thread] View - addStageToCanvas() called
[INFO ] 2018-03-01 11:34:35.213 [JavaFX Application Thread] Control - getState() called
[INFO ] 2018-03-01 11:34:35.213 [JavaFX Application Thread] Model - getState() called
[INFO ] 2018-03-01 11:34:35.213 [JavaFX Application Thread] Control - getState() called
[INFO ] 2018-03-01 11:34:35.213 [JavaFX Application Thread] Model - getState() called
[INFO ] 2018-03-01 11:34:35.213 [JavaFX Application Thread] View - addStage() called
[INFO ] 2018-03-01 11:34:35.213 [JavaFX Application Thread] View - addStage() called
[INFO ] 2018-03-01 11:34:38.200 [JavaFX Application Thread] Control - getState() called
[INFO ] 2018-03-01 11:34:38.200 [JavaFX Application Thread] Model - getState() called
[INFO ] 2018-03-01 11:34:38.200 [JavaFX Application Thread] View - normalEndTurn() called
[INFO ] 2018-03-01 11:34:38.200 [JavaFX Application Thread] View - stageHarder() called
[INFO ] 2018-03-01 11:34:38.200 [JavaFX Application Thread] View - totalNumOfBP() called
[INFO ] 2018-03-01 11:34:38.200 [JavaFX Application Thread] View - totalNumOfBP() called
[INFO ] 2018-03-01 11:34:38.200 [JavaFX Application Thread] Control - stagesSet() called
[INFO ] 2018-03-01 11:34:38.200 [JavaFX Application Thread] Control - startStageCycle() called
[INFO ] 2018-03-01 11:34:38.201 [JavaFX Application Thread] Model - resetCurrentStage() called
[INFO ] 2018-03-01 11:34:38.201 [JavaFX Application Thread] Model - setCurrentStage() called
[INFO ] 2018-03-01 11:34:38.201 [JavaFX Application Thread] Control - updateViewState() called
[INFO ] 2018-03-01 11:34:38.201 [JavaFX Application Thread] View - updateState() called
[INFO ] 2018-03-01 11:34:38.201 [JavaFX Application Thread] Control - getState() called
[INFO ] 2018-03-01 11:34:38.201 [JavaFX Application Thread] Model - getState() called
[INFO ] 2018-03-01 11:34:38.201 [JavaFX Application Thread] View - update(Stage) called
[INFO ] 2018-03-01 11:34:38.201 [JavaFX Application Thread] Control - getState() called
[INFO ] 2018-03-01 11:34:38.201 [JavaFX Application Thread] Model - getState() called
[INFO ] 2018-03-01 11:34:38.201 [JavaFX Application Thread] View - drawCards() called
[INFO ] 2018-03-01 11:34:38.201 [JavaFX Application Thread] Control - getState() called
[INFO ] 2018-03-01 11:34:38.201 [JavaFX Application Thread] Model - getState() called
[INFO ] 2018-03-01 11:34:38.201 [JavaFX Application Thread] View - addControlsToCanvas() called
[INFO ] 2018-03-01 11:34:38.201 [JavaFX Application Thread] View - addQueueToCanvas() called
[INFO ] 2018-03-01 11:34:38.201 [JavaFX Application Thread] Control - getActivePlayer() called
[INFO ] 2018-03-01 11:34:38.201 [JavaFX Application Thread] Model - getActivePlayer() called
[INFO ] 2018-03-01 11:34:38.228 [JavaFX Application Thread] View - setQueueCardControl() called
[INFO ] 2018-03-01 11:34:38.255 [JavaFX Application Thread] View - setQueueCardControl() called
[INFO ] 2018-03-01 11:34:38.283 [JavaFX Application Thread] View - setQueueCardControl() called
[INFO ] 2018-03-01 11:34:38.310 [JavaFX Application Thread] View - setQueueCardControl() called
[INFO ] 2018-03-01 11:34:38.310 [JavaFX Application Thread] View - addPlayerARankToCanvas() called
[INFO ] 2018-03-01 11:34:38.317 [JavaFX Application Thread] View - setRankControl() called
[INFO ] 2018-03-01 11:34:38.317 [JavaFX Application Thread] View - addPlayerBRankToCanvas() called
[INFO ] 2018-03-01 11:34:38.324 [JavaFX Application Thread] View - setRankControl() called
[INFO ] 2018-03-01 11:34:38.324 [JavaFX Application Thread] View - addShieldsAToCanvas() called
[INFO ] 2018-03-01 11:34:38.324 [JavaFX Application Thread] View - addPlayerAPartyToCanvas() called
[INFO ] 2018-03-01 11:34:38.354 [JavaFX Application Thread] View - setMorgaineCardControl() called
[INFO ] 2018-03-01 11:34:38.386 [JavaFX Application Thread] View - setMorgaineCardControl() called
[INFO ] 2018-03-01 11:34:38.386 [JavaFX Application Thread] View - addPlayerBPartyToCanvas() called
[INFO ] 2018-03-01 11:34:38.418 [JavaFX Application Thread] View - setMorgaineCardControl() called
[INFO ] 2018-03-01 11:34:38.446 [JavaFX Application Thread] View - setMorgaineCardControl() called
[INFO ] 2018-03-01 11:34:38.471 [JavaFX Application Thread] View - setMorgaineCardControl() called
[INFO ] 2018-03-01 11:34:38.471 [JavaFX Application Thread] View - addShieldsBToCanvas() called
[INFO ] 2018-03-01 11:34:38.472 [JavaFX Application Thread] View - addStoryCardToCanvas() called
[INFO ] 2018-03-01 11:34:38.497 [JavaFX Application Thread] View - addHandToCanvas() called
[INFO ] 2018-03-01 11:34:38.523 [JavaFX Application Thread] View - setHandCardControl() called
[INFO ] 2018-03-01 11:34:38.524 [JavaFX Application Thread] Control - getState() called
[INFO ] 2018-03-01 11:34:38.524 [JavaFX Application Thread] Model - getState() called
[INFO ] 2018-03-01 11:34:38.524 [JavaFX Application Thread] Control - getSubType() called
[INFO ] 2018-03-01 11:34:38.524 [JavaFX Application Thread] Model - getSubType() called
[INFO ] 2018-03-01 11:34:38.524 [JavaFX Application Thread] Model - getActivePlayer() called
[INFO ] 2018-03-01 11:34:38.549 [JavaFX Application Thread] View - setHandCardControl() called
[INFO ] 2018-03-01 11:34:38.550 [JavaFX Application Thread] Control - getState() called
[INFO ] 2018-03-01 11:34:38.550 [JavaFX Application Thread] Model - getState() called
[INFO ] 2018-03-01 11:34:38.550 [JavaFX Application Thread] Control - getSubType() called
[INFO ] 2018-03-01 11:34:38.550 [JavaFX Application Thread] Model - getSubType() called
[INFO ] 2018-03-01 11:34:38.550 [JavaFX Application Thread] Model - getActivePlayer() called
[INFO ] 2018-03-01 11:34:38.578 [JavaFX Application Thread] View - setHandCardControl() called
[INFO ] 2018-03-01 11:34:38.579 [JavaFX Application Thread] Control - getState() called
[INFO ] 2018-03-01 11:34:38.579 [JavaFX Application Thread] Model - getState() called
[INFO ] 2018-03-01 11:34:38.579 [JavaFX Application Thread] Control - getSubType() called
[INFO ] 2018-03-01 11:34:38.579 [JavaFX Application Thread] Model - getSubType() called
[INFO ] 2018-03-01 11:34:38.579 [JavaFX Application Thread] Model - getActivePlayer() called
[INFO ] 2018-03-01 11:34:38.606 [JavaFX Application Thread] View - setHandCardControl() called
[INFO ] 2018-03-01 11:34:38.607 [JavaFX Application Thread] Control - getState() called
[INFO ] 2018-03-01 11:34:38.607 [JavaFX Application Thread] Model - getState() called
[INFO ] 2018-03-01 11:34:38.607 [JavaFX Application Thread] Control - getSubType() called
[INFO ] 2018-03-01 11:34:38.607 [JavaFX Application Thread] Model - getSubType() called
[INFO ] 2018-03-01 11:34:38.607 [JavaFX Application Thread] Model - getActivePlayer() called
[INFO ] 2018-03-01 11:34:38.634 [JavaFX Application Thread] View - setHandCardControl() called
[INFO ] 2018-03-01 11:34:38.634 [JavaFX Application Thread] Control - getState() called
[INFO ] 2018-03-01 11:34:38.634 [JavaFX Application Thread] Model - getState() called
[INFO ] 2018-03-01 11:34:38.634 [JavaFX Application Thread] Control - getSubType() called
[INFO ] 2018-03-01 11:34:38.634 [JavaFX Application Thread] Model - getSubType() called
[INFO ] 2018-03-01 11:34:38.634 [JavaFX Application Thread] Model - getActivePlayer() called
[INFO ] 2018-03-01 11:34:38.661 [JavaFX Application Thread] View - setHandCardControl() called
[INFO ] 2018-03-01 11:34:38.661 [JavaFX Application Thread] Control - getState() called
[INFO ] 2018-03-01 11:34:38.661 [JavaFX Application Thread] Model - getState() called
[INFO ] 2018-03-01 11:34:38.661 [JavaFX Application Thread] Control - getSubType() called
[INFO ] 2018-03-01 11:34:38.661 [JavaFX Application Thread] Model - getSubType() called
[INFO ] 2018-03-01 11:34:38.661 [JavaFX Application Thread] Model - getActivePlayer() called
[INFO ] 2018-03-01 11:34:38.689 [JavaFX Application Thread] View - setHandCardControl() called
[INFO ] 2018-03-01 11:34:38.689 [JavaFX Application Thread] Control - getState() called
[INFO ] 2018-03-01 11:34:38.689 [JavaFX Application Thread] Model - getState() called
[INFO ] 2018-03-01 11:34:38.689 [JavaFX Application Thread] Control - getSubType() called
[INFO ] 2018-03-01 11:34:38.689 [JavaFX Application Thread] Model - getSubType() called
[INFO ] 2018-03-01 11:34:38.689 [JavaFX Application Thread] Model - getActivePlayer() called
[INFO ] 2018-03-01 11:34:38.715 [JavaFX Application Thread] View - setHandCardControl() called
[INFO ] 2018-03-01 11:34:38.715 [JavaFX Application Thread] Control - getState() called
[INFO ] 2018-03-01 11:34:38.715 [JavaFX Application Thread] Model - getState() called
[INFO ] 2018-03-01 11:34:38.715 [JavaFX Application Thread] Control - getSubType() called
[INFO ] 2018-03-01 11:34:38.715 [JavaFX Application Thread] Model - getSubType() called
[INFO ] 2018-03-01 11:34:38.715 [JavaFX Application Thread] Model - getActivePlayer() called
[INFO ] 2018-03-01 11:34:38.744 [JavaFX Application Thread] View - setHandCardControl() called
[INFO ] 2018-03-01 11:34:38.744 [JavaFX Application Thread] Control - getState() called
[INFO ] 2018-03-01 11:34:38.744 [JavaFX Application Thread] Model - getState() called
[INFO ] 2018-03-01 11:34:38.744 [JavaFX Application Thread] Control - getSubType() called
[INFO ] 2018-03-01 11:34:38.744 [JavaFX Application Thread] Model - getSubType() called
[INFO ] 2018-03-01 11:34:38.744 [JavaFX Application Thread] Model - getActivePlayer() called
[INFO ] 2018-03-01 11:34:38.770 [JavaFX Application Thread] View - setHandCardControl() called
[INFO ] 2018-03-01 11:34:38.770 [JavaFX Application Thread] Control - getState() called
[INFO ] 2018-03-01 11:34:38.770 [JavaFX Application Thread] Model - getState() called
[INFO ] 2018-03-01 11:34:38.770 [JavaFX Application Thread] Control - getSubType() called
[INFO ] 2018-03-01 11:34:38.770 [JavaFX Application Thread] Model - getSubType() called
[INFO ] 2018-03-01 11:34:38.770 [JavaFX Application Thread] Model - getActivePlayer() called
[INFO ] 2018-03-01 11:34:38.797 [JavaFX Application Thread] View - setHandCardControl() called
[INFO ] 2018-03-01 11:34:38.797 [JavaFX Application Thread] Control - getState() called
[INFO ] 2018-03-01 11:34:38.797 [JavaFX Application Thread] Model - getState() called
[INFO ] 2018-03-01 11:34:38.797 [JavaFX Application Thread] Control - getSubType() called
[INFO ] 2018-03-01 11:34:38.797 [JavaFX Application Thread] Model - getSubType() called
[INFO ] 2018-03-01 11:34:38.797 [JavaFX Application Thread] Model - getActivePlayer() called
[INFO ] 2018-03-01 11:34:38.821 [JavaFX Application Thread] View - setHandCardControl() called
[INFO ] 2018-03-01 11:34:38.821 [JavaFX Application Thread] Control - getState() called
[INFO ] 2018-03-01 11:34:38.821 [JavaFX Application Thread] Model - getState() called
[INFO ] 2018-03-01 11:34:38.821 [JavaFX Application Thread] Control - getSubType() called
[INFO ] 2018-03-01 11:34:38.821 [JavaFX Application Thread] Model - getSubType() called
[INFO ] 2018-03-01 11:34:38.821 [JavaFX Application Thread] Model - getActivePlayer() called
[INFO ] 2018-03-01 11:34:38.821 [JavaFX Application Thread] View - addStageToCanvas() called
[INFO ] 2018-03-01 11:34:38.821 [JavaFX Application Thread] Control - getState() called
[INFO ] 2018-03-01 11:34:38.821 [JavaFX Application Thread] Model - getState() called
[INFO ] 2018-03-01 11:34:38.821 [JavaFX Application Thread] Control - getState() called
[INFO ] 2018-03-01 11:34:38.822 [JavaFX Application Thread] Model - getState() called
[INFO ] 2018-03-01 11:34:38.822 [JavaFX Application Thread] View - addStage() called
[INFO ] 2018-03-01 11:34:38.822 [JavaFX Application Thread] View - addStage() called
[INFO ] 2018-03-01 11:34:38.828 [JavaFX Application Thread] Model - stagesSet() called
[INFO ] 2018-03-01 11:34:38.828 [JavaFX Application Thread] Control - updateViewState() called
[INFO ] 2018-03-01 11:34:38.828 [JavaFX Application Thread] View - updateState() called
[INFO ] 2018-03-01 11:34:38.828 [JavaFX Application Thread] Control - getState() called
[INFO ] 2018-03-01 11:34:38.828 [JavaFX Application Thread] Model - getState() called
[INFO ] 2018-03-01 11:34:38.828 [JavaFX Application Thread] View - update(Stage) called
[INFO ] 2018-03-01 11:34:38.829 [JavaFX Application Thread] Control - getState() called
[INFO ] 2018-03-01 11:34:38.829 [JavaFX Application Thread] Model - getState() called
[INFO ] 2018-03-01 11:34:38.829 [JavaFX Application Thread] View - drawCards() called
[INFO ] 2018-03-01 11:34:38.829 [JavaFX Application Thread] Control - getState() called
[INFO ] 2018-03-01 11:34:38.829 [JavaFX Application Thread] Model - getState() called
[INFO ] 2018-03-01 11:34:38.829 [JavaFX Application Thread] View - addControlsToCanvas() called
[INFO ] 2018-03-01 11:34:38.829 [JavaFX Application Thread] View - addQueueToCanvas() called
[INFO ] 2018-03-01 11:34:38.829 [JavaFX Application Thread] Control - getActivePlayer() called
[INFO ] 2018-03-01 11:34:38.829 [JavaFX Application Thread] Model - getActivePlayer() called
[INFO ] 2018-03-01 11:34:38.856 [JavaFX Application Thread] View - setQueueCardControl() called
[INFO ] 2018-03-01 11:34:38.883 [JavaFX Application Thread] View - setQueueCardControl() called
[INFO ] 2018-03-01 11:34:38.909 [JavaFX Application Thread] View - setQueueCardControl() called
[INFO ] 2018-03-01 11:34:38.934 [JavaFX Application Thread] View - setQueueCardControl() called
[INFO ] 2018-03-01 11:34:38.935 [JavaFX Application Thread] View - addPlayerARankToCanvas() called
[INFO ] 2018-03-01 11:34:38.943 [JavaFX Application Thread] View - setRankControl() called
[INFO ] 2018-03-01 11:34:38.943 [JavaFX Application Thread] View - addPlayerBRankToCanvas() called
[INFO ] 2018-03-01 11:34:38.951 [JavaFX Application Thread] View - setRankControl() called
[INFO ] 2018-03-01 11:34:38.951 [JavaFX Application Thread] View - addShieldsAToCanvas() called
[INFO ] 2018-03-01 11:34:38.951 [JavaFX Application Thread] View - addPlayerAPartyToCanvas() called
[INFO ] 2018-03-01 11:34:38.976 [JavaFX Application Thread] View - setMorgaineCardControl() called
[INFO ] 2018-03-01 11:34:39.003 [JavaFX Application Thread] View - setMorgaineCardControl() called
[INFO ] 2018-03-01 11:34:39.003 [JavaFX Application Thread] View - addPlayerBPartyToCanvas() called
[INFO ] 2018-03-01 11:34:39.029 [JavaFX Application Thread] View - setMorgaineCardControl() called
[INFO ] 2018-03-01 11:34:39.055 [JavaFX Application Thread] View - setMorgaineCardControl() called
[INFO ] 2018-03-01 11:34:39.083 [JavaFX Application Thread] View - setMorgaineCardControl() called
[INFO ] 2018-03-01 11:34:39.084 [JavaFX Application Thread] View - addShieldsBToCanvas() called
[INFO ] 2018-03-01 11:34:39.084 [JavaFX Application Thread] View - addStoryCardToCanvas() called
[INFO ] 2018-03-01 11:34:39.108 [JavaFX Application Thread] View - addHandToCanvas() called
[INFO ] 2018-03-01 11:34:39.134 [JavaFX Application Thread] View - setHandCardControl() called
[INFO ] 2018-03-01 11:34:39.135 [JavaFX Application Thread] Control - getState() called
[INFO ] 2018-03-01 11:34:39.135 [JavaFX Application Thread] Model - getState() called
[INFO ] 2018-03-01 11:34:39.135 [JavaFX Application Thread] Control - getSubType() called
[INFO ] 2018-03-01 11:34:39.135 [JavaFX Application Thread] Model - getSubType() called
[INFO ] 2018-03-01 11:34:39.135 [JavaFX Application Thread] Model - getActivePlayer() called
[INFO ] 2018-03-01 11:34:39.161 [JavaFX Application Thread] View - setHandCardControl() called
[INFO ] 2018-03-01 11:34:39.162 [JavaFX Application Thread] Control - getState() called
[INFO ] 2018-03-01 11:34:39.162 [JavaFX Application Thread] Model - getState() called
[INFO ] 2018-03-01 11:34:39.162 [JavaFX Application Thread] Control - getSubType() called
[INFO ] 2018-03-01 11:34:39.162 [JavaFX Application Thread] Model - getSubType() called
[INFO ] 2018-03-01 11:34:39.162 [JavaFX Application Thread] Model - getActivePlayer() called
[INFO ] 2018-03-01 11:34:39.188 [JavaFX Application Thread] View - setHandCardControl() called
[INFO ] 2018-03-01 11:34:39.188 [JavaFX Application Thread] Control - getState() called
[INFO ] 2018-03-01 11:34:39.188 [JavaFX Application Thread] Model - getState() called
[INFO ] 2018-03-01 11:34:39.188 [JavaFX Application Thread] Control - getSubType() called
[INFO ] 2018-03-01 11:34:39.189 [JavaFX Application Thread] Model - getSubType() called
[INFO ] 2018-03-01 11:34:39.189 [JavaFX Application Thread] Model - getActivePlayer() called
[INFO ] 2018-03-01 11:34:39.218 [JavaFX Application Thread] View - setHandCardControl() called
[INFO ] 2018-03-01 11:34:39.218 [JavaFX Application Thread] Control - getState() called
[INFO ] 2018-03-01 11:34:39.218 [JavaFX Application Thread] Model - getState() called
[INFO ] 2018-03-01 11:34:39.218 [JavaFX Application Thread] Control - getSubType() called
[INFO ] 2018-03-01 11:34:39.218 [JavaFX Application Thread] Model - getSubType() called
[INFO ] 2018-03-01 11:34:39.218 [JavaFX Application Thread] Model - getActivePlayer() called
[INFO ] 2018-03-01 11:34:39.247 [JavaFX Application Thread] View - setHandCardControl() called
[INFO ] 2018-03-01 11:34:39.247 [JavaFX Application Thread] Control - getState() called
[INFO ] 2018-03-01 11:34:39.247 [JavaFX Application Thread] Model - getState() called
[INFO ] 2018-03-01 11:34:39.247 [JavaFX Application Thread] Control - getSubType() called
[INFO ] 2018-03-01 11:34:39.247 [JavaFX Application Thread] Model - getSubType() called
[INFO ] 2018-03-01 11:34:39.247 [JavaFX Application Thread] Model - getActivePlayer() called
[INFO ] 2018-03-01 11:34:39.276 [JavaFX Application Thread] View - setHandCardControl() called
[INFO ] 2018-03-01 11:34:39.276 [JavaFX Application Thread] Control - getState() called
[INFO ] 2018-03-01 11:34:39.276 [JavaFX Application Thread] Model - getState() called
[INFO ] 2018-03-01 11:34:39.276 [JavaFX Application Thread] Control - getSubType() called
[INFO ] 2018-03-01 11:34:39.276 [JavaFX Application Thread] Model - getSubType() called
[INFO ] 2018-03-01 11:34:39.276 [JavaFX Application Thread] Model - getActivePlayer() called
[INFO ] 2018-03-01 11:34:39.306 [JavaFX Application Thread] View - setHandCardControl() called
[INFO ] 2018-03-01 11:34:39.307 [JavaFX Application Thread] Control - getState() called
[INFO ] 2018-03-01 11:34:39.307 [JavaFX Application Thread] Model - getState() called
[INFO ] 2018-03-01 11:34:39.307 [JavaFX Application Thread] Control - getSubType() called
[INFO ] 2018-03-01 11:34:39.307 [JavaFX Application Thread] Model - getSubType() called
[INFO ] 2018-03-01 11:34:39.307 [JavaFX Application Thread] Model - getActivePlayer() called
[INFO ] 2018-03-01 11:34:39.333 [JavaFX Application Thread] View - setHandCardControl() called
[INFO ] 2018-03-01 11:34:39.333 [JavaFX Application Thread] Control - getState() called
[INFO ] 2018-03-01 11:34:39.333 [JavaFX Application Thread] Model - getState() called
[INFO ] 2018-03-01 11:34:39.333 [JavaFX Application Thread] Control - getSubType() called
[INFO ] 2018-03-01 11:34:39.333 [JavaFX Application Thread] Model - getSubType() called
[INFO ] 2018-03-01 11:34:39.333 [JavaFX Application Thread] Model - getActivePlayer() called
[INFO ] 2018-03-01 11:34:39.363 [JavaFX Application Thread] View - setHandCardControl() called
[INFO ] 2018-03-01 11:34:39.363 [JavaFX Application Thread] Control - getState() called
[INFO ] 2018-03-01 11:34:39.363 [JavaFX Application Thread] Model - getState() called
[INFO ] 2018-03-01 11:34:39.363 [JavaFX Application Thread] Control - getSubType() called
[INFO ] 2018-03-01 11:34:39.363 [JavaFX Application Thread] Model - getSubType() called
[INFO ] 2018-03-01 11:34:39.363 [JavaFX Application Thread] Model - getActivePlayer() called
[INFO ] 2018-03-01 11:34:39.399 [JavaFX Application Thread] View - setHandCardControl() called
[INFO ] 2018-03-01 11:34:39.399 [JavaFX Application Thread] Control - getState() called
[INFO ] 2018-03-01 11:34:39.399 [JavaFX Application Thread] Model - getState() called
[INFO ] 2018-03-01 11:34:39.399 [JavaFX Application Thread] Control - getSubType() called
[INFO ] 2018-03-01 11:34:39.399 [JavaFX Application Thread] Model - getSubType() called
[INFO ] 2018-03-01 11:34:39.399 [JavaFX Application Thread] Model - getActivePlayer() called
[INFO ] 2018-03-01 11:34:39.427 [JavaFX Application Thread] View - setHandCardControl() called
[INFO ] 2018-03-01 11:34:39.428 [JavaFX Application Thread] Control - getState() called
[INFO ] 2018-03-01 11:34:39.428 [JavaFX Application Thread] Model - getState() called
[INFO ] 2018-03-01 11:34:39.428 [JavaFX Application Thread] Control - getSubType() called
[INFO ] 2018-03-01 11:34:39.428 [JavaFX Application Thread] Model - getSubType() called
[INFO ] 2018-03-01 11:34:39.428 [JavaFX Application Thread] Model - getActivePlayer() called
[INFO ] 2018-03-01 11:34:39.458 [JavaFX Application Thread] View - setHandCardControl() called
[INFO ] 2018-03-01 11:34:39.459 [JavaFX Application Thread] Control - getState() called
[INFO ] 2018-03-01 11:34:39.459 [JavaFX Application Thread] Model - getState() called
[INFO ] 2018-03-01 11:34:39.459 [JavaFX Application Thread] Control - getSubType() called
[INFO ] 2018-03-01 11:34:39.459 [JavaFX Application Thread] Model - getSubType() called
[INFO ] 2018-03-01 11:34:39.459 [JavaFX Application Thread] Model - getActivePlayer() called
[INFO ] 2018-03-01 11:34:39.459 [JavaFX Application Thread] View - addStageToCanvas() called
[INFO ] 2018-03-01 11:34:39.459 [JavaFX Application Thread] Control - getState() called
[INFO ] 2018-03-01 11:34:39.459 [JavaFX Application Thread] Model - getState() called
[INFO ] 2018-03-01 11:34:39.459 [JavaFX Application Thread] Control - getState() called
[INFO ] 2018-03-01 11:34:39.459 [JavaFX Application Thread] Model - getState() called
[INFO ] 2018-03-01 11:34:39.459 [JavaFX Application Thread] View - addStage() called
[INFO ] 2018-03-01 11:34:39.459 [JavaFX Application Thread] View - addStage() called
[INFO ] 2018-03-01 11:34:39.465 [JavaFX Application Thread] Control - buttonClick() called
[INFO ] 2018-03-01 11:34:39.465 [JavaFX Application Thread] Model - endTurn() called
[INFO ] 2018-03-01 11:34:39.465 [JavaFX Application Thread] Model - viewerChanged() called
[INFO ] 2018-03-01 11:34:39.465 [JavaFX Application Thread] Control - getState() called
[INFO ] 2018-03-01 11:34:39.465 [JavaFX Application Thread] Model - getState() called
[INFO ] 2018-03-01 11:34:39.465 [JavaFX Application Thread] View - stageResolved() called
[INFO ] 2018-03-01 11:34:39.465 [JavaFX Application Thread] Control - resolveStage() called
[INFO ] 2018-03-01 11:34:39.465 [JavaFX Application Thread] Model - resolveStage() called
[INFO ] 2018-03-01 11:34:39.465 [JavaFX Application Thread] Control - getState() called
[INFO ] 2018-03-01 11:34:39.466 [JavaFX Application Thread] Model - getState() called
[INFO ] 2018-03-01 11:34:39.466 [JavaFX Application Thread] Control - stageIncrement() called
[INFO ] 2018-03-01 11:34:39.466 [JavaFX Application Thread] Model - resolveStage() called
[INFO ] 2018-03-01 11:34:39.466 [JavaFX Application Thread] Control - stageIncrement() called
[INFO ] 2018-03-01 11:34:39.466 [JavaFX Application Thread] Model - resolveStage() called
[INFO ] 2018-03-01 11:34:40.584 [JavaFX Application Thread] Control - getState() called
[INFO ] 2018-03-01 11:34:40.584 [JavaFX Application Thread] Model - getState() called
[INFO ] 2018-03-01 11:34:40.585 [JavaFX Application Thread] Control - getView() called
[INFO ] 2018-03-01 11:34:41.009 [JavaFX Application Thread] View - sceneChange() called
[INFO ] 2018-03-01 11:34:42.097 [JavaFX Application Thread] View - sceneChange() called
